Script started on 2018-09-22 12:15:18-0700
]0;sonia@ubuntu: ~/Downloads/cs6210Project1_test-master/test/memory[01;32msonia@ubuntu[00m:[01;34m~/Downloads/cs6210Project1_test-master/test/memory[00m$ ./monitor.py 
firsttest: 512.0 276.7265625
secondtest: 512.0 275.5078125
thirdtest: 512.0 276.28125
fourthtest: 512.0 276.34375
--------------------------------------------------------------------------------
total  :              4099648 KiB
free   :               107612 KiB
buffers:                 8316 KiB
cached :                90952 KiB


--------------------------------------------------------------------------------
firsttest: 512.0 276.7265625
secondtest: 512.0 275.5078125
thirdtest: 512.0 276.28125
fourthtest: 512.0 276.375
--------------------------------------------------------------------------------
total  :              4099648 KiB
free   :               107232 KiB
buffers:                 8324 KiB
cached :                90956 KiB


--------------------------------------------------------------------------------
firsttest: 512.0 276.7265625
secondtest: 512.0 275.5078125
thirdtest: 512.0 276.28125
fourthtest: 512.0 276.375
--------------------------------------------------------------------------------
total  :              4099648 KiB
free   :               106696 KiB
buffers:                 8324 KiB
cached :                90956 KiB


--------------------------------------------------------------------------------
firsttest: 512.0 276.7265625
secondtest: 512.0 275.5078125
thirdtest: 512.0 276.28125
fourthtest: 512.0 276.375
--------------------------------------------------------------------------------
total  :              4099648 KiB
free   :               121964 KiB
buffers:                 5656 KiB
cached :                90700 KiB


--------------------------------------------------------------------------------
firsttest: 512.0 276.7265625
secondtest: 512.0 275.5078125
thirdtest: 512.0 276.28125
fourthtest: 512.0 276.375
--------------------------------------------------------------------------------
total  :              4099648 KiB
free   :               155608 KiB
buffers:                 1140 KiB
cached :                77840 KiB


--------------------------------------------------------------------------------
firsttest: 504.0 268.07421875
secondtest: 512.0 261.484375
thirdtest: 512.0 263.1171875
fourthtest: 512.0 263.4453125
--------------------------------------------------------------------------------
total  :              4099648 KiB
free   :               205532 KiB
buffers:                 2028 KiB
cached :                85336 KiB


--------------------------------------------------------------------------------
firsttest: 168.13671875 64.2421875
secondtest: 512.0 241.05078125
thirdtest: 512.0 243.015625
fourthtest: 512.0 244.67578125
--------------------------------------------------------------------------------
total  :              4099648 KiB
free   :               216116 KiB
buffers:                 2236 KiB
cached :                91996 KiB


--------------------------------------------------------------------------------
firsttest: 164.6953125 52.19921875
secondtest: 512.0 208.11328125
thirdtest: 512.0 214.6796875
fourthtest: 512.0 216.09765625
--------------------------------------------------------------------------------
total  :              4099648 KiB
free   :               120876 KiB
buffers:                 2244 KiB
cached :                95280 KiB


--------------------------------------------------------------------------------
firsttest: 155.7578125 51.8125
secondtest: 512.0 188.01171875
thirdtest: 512.0 196.03125
fourthtest: 301.0 58.19140625
--------------------------------------------------------------------------------
total  :              4099648 KiB
free   :               157156 KiB
buffers:                 2560 KiB
cached :                91116 KiB


--------------------------------------------------------------------------------
firsttest: 138.83984375 52.0703125
secondtest: 512.0 164.03515625
thirdtest: 512.0 172.66015625
fourthtest: 162.046875 51.5859375
--------------------------------------------------------------------------------
total  :              4099648 KiB
free   :               238132 KiB
buffers:                 2560 KiB
cached :                95552 KiB


--------------------------------------------------------------------------------
firsttest: 138.83984375 52.0703125
secondtest: 512.0 135.45703125
thirdtest: 460.0 147.59375
fourthtest: 151.6015625 51.8046875
--------------------------------------------------------------------------------
total  :              4099648 KiB
free   :               190504 KiB
buffers:                 2568 KiB
cached :                95820 KiB


--------------------------------------------------------------------------------
firsttest: 138.83984375 52.0703125
secondtest: 512.0 114.5078125
thirdtest: 167.0 96.0390625
fourthtest: 138.4375 62.69921875
--------------------------------------------------------------------------------
total  :              4099648 KiB
free   :               405688 KiB
buffers:                 2568 KiB
cached :               102700 KiB


--------------------------------------------------------------------------------
firsttest: 138.83984375 52.0703125
secondtest: 512.0 84.83984375
thirdtest: 156.90234375 53.19140625
fourthtest: 138.4375 62.69921875
--------------------------------------------------------------------------------
total  :              4099648 KiB
free   :               378028 KiB
buffers:                 2568 KiB
cached :               103360 KiB


--------------------------------------------------------------------------------
firsttest: 138.83984375 52.0703125
secondtest: 512.0 65.265625
thirdtest: 139.71484375 51.640625
fourthtest: 138.4375 62.69921875
--------------------------------------------------------------------------------
total  :              4099648 KiB
free   :               378704 KiB
buffers:                 2584 KiB
cached :               103544 KiB


--------------------------------------------------------------------------------
firsttest: 138.83984375 52.0703125
secondtest: 512.0 74.05078125
thirdtest: 139.71484375 51.640625
fourthtest: 138.4375 62.69921875
--------------------------------------------------------------------------------
total  :              4099648 KiB
free   :               375880 KiB
buffers:                 2716 KiB
cached :               103572 KiB


--------------------------------------------------------------------------------
firsttest: 138.83984375 52.0703125
secondtest: 512.0 76.33203125
thirdtest: 139.71484375 51.640625
fourthtest: 138.4375 62.69921875
--------------------------------------------------------------------------------
total  :              4099648 KiB
free   :               370932 KiB
buffers:                 2720 KiB
cached :               103600 KiB


--------------------------------------------------------------------------------
firsttest: 138.83984375 52.0703125
secondtest: 512.0 384.75
thirdtest: 139.71484375 51.640625
fourthtest: 138.4375 62.69921875
--------------------------------------------------------------------------------
total  :              4099648 KiB
free   :               363340 KiB
buffers:                 2728 KiB
cached :               109292 KiB


--------------------------------------------------------------------------------
firsttest: 138.83984375 52.0703125
secondtest: 512.0 384.8046875
thirdtest: 139.71484375 51.640625
fourthtest: 138.4375 62.69921875
--------------------------------------------------------------------------------
total  :              4099648 KiB
free   :               363128 KiB
buffers:                 2728 KiB
cached :               109292 KiB


--------------------------------------------------------------------------------
firsttest: 138.83984375 52.0703125
secondtest: 163.93359375 148.25
thirdtest: 139.71484375 51.640625
fourthtest: 138.4375 62.69921875
--------------------------------------------------------------------------------
total  :              4099648 KiB
free   :               702160 KiB
buffers:                 2732 KiB
cached :               112868 KiB


--------------------------------------------------------------------------------
firsttest: 138.83984375 52.0703125
secondtest: 156.2734375 51.62109375
thirdtest: 139.71484375 51.640625
fourthtest: 138.4375 62.69921875
--------------------------------------------------------------------------------
total  :              4099648 KiB
free   :               707736 KiB
buffers:                 2876 KiB
cached :               113384 KiB


--------------------------------------------------------------------------------
firsttest: 138.83984375 52.0703125
secondtest: 139.03515625 51.6484375
thirdtest: 139.71484375 51.640625
fourthtest: 138.4375 62.69921875
--------------------------------------------------------------------------------
total  :              4099648 KiB
free   :               722740 KiB
buffers:                 2884 KiB
cached :               113512 KiB


--------------------------------------------------------------------------------
firsttest: 138.83984375 52.0703125
secondtest: 139.03515625 51.6484375
thirdtest: 139.71484375 51.640625
fourthtest: 138.4375 62.69921875
--------------------------------------------------------------------------------
total  :              4099648 KiB
free   :               722872 KiB
buffers:                 2884 KiB
cached :               113632 KiB


--------------------------------------------------------------------------------
firsttest: 138.83984375 52.0703125
secondtest: 139.03515625 51.6484375
thirdtest: 139.71484375 51.640625
fourthtest: 138.4375 62.69921875
--------------------------------------------------------------------------------
total  :              4099648 KiB
free   :               722872 KiB
buffers:                 2884 KiB
cached :               113932 KiB


--------------------------------------------------------------------------------
firsttest: 138.83984375 52.0703125
secondtest: 139.03515625 51.6484375
thirdtest: 139.71484375 51.640625
fourthtest: 138.4375 62.69921875
--------------------------------------------------------------------------------
total  :              4099648 KiB
free   :               722608 KiB
buffers:                 2892 KiB
cached :               113928 KiB


--------------------------------------------------------------------------------
firsttest: 138.83984375 52.0703125
secondtest: 139.03515625 51.6484375
thirdtest: 139.71484375 51.640625
fourthtest: 138.4375 62.69921875
--------------------------------------------------------------------------------
total  :              4099648 KiB
free   :               722616 KiB
buffers:                 2892 KiB
cached :               114012 KiB


--------------------------------------------------------------------------------
firsttest: 138.83984375 52.0703125
secondtest: 139.03515625 51.6484375
thirdtest: 139.71484375 51.640625
fourthtest: 138.4375 62.69921875
--------------------------------------------------------------------------------
total  :              4099648 KiB
free   :               722864 KiB
buffers:                 2900 KiB
cached :               114016 KiB


--------------------------------------------------------------------------------
firsttest: 138.83984375 52.0703125
secondtest: 139.03515625 51.6484375
thirdtest: 139.71484375 51.640625
fourthtest: 138.4375 62.69921875
--------------------------------------------------------------------------------
total  :              4099648 KiB
free   :               722236 KiB
buffers:                 2900 KiB
cached :               114024 KiB


--------------------------------------------------------------------------------
firsttest: 138.83984375 52.0703125
secondtest: 139.03515625 51.6484375
thirdtest: 139.71484375 51.640625
fourthtest: 138.4375 62.69921875
---------------------------------------------