Script started on 2018-09-28 15:38:39-0700
]0;sonia@ubuntu: ~/Downloads/cs6210Project1_test-master/test/cpu[01;32msonia@ubuntu[00m:[01;34m~/Downloads/cs6210Project1_test-master/test/cpu[00m$ ./monitor.py 
firsttest: ([(0, 1, 302370000000L, 0)], [(True, False, False, False)])
secondtest: ([(0, 1, 358480000000L, 1)], [(False, True, False, False)])
thirdtest: ([(0, 1, 356900000000L, 2)], [(False, False, True, False)])
fourthtest: ([(0, 1, 358680000000L, 3)], [(False, False, False, True)])
fifthtest: ([(0, 1, 320240000000L, 0)], [(True, False, False, False)])
sixthtest: ([(0, 1, 227740000000L, 1)], [(False, True, False, False)])
seventhtest: ([(0, 1, 226410000000L, 2)], [(False, False, True, False)])
eigthtest: ([(0, 1, 257650000000L, 3)], [(False, False, False, True)])
--------------------------------------------------------------------------------
0: 0.0 []
1: 0.0 []
2: 0.0 []
3: 0.0 []
--------------------------------------------------------------------------------
firsttest: ([(0, 1, 302370000000L, 0)], [(True, False, False, False)])
secondtest: ([(0, 1, 358480000000L, 1)], [(False, True, False, False)])
thirdtest: ([(0, 1, 356900000000L, 2)], [(False, False, True, False)])
fourthtest: ([(0, 1, 358690000000L, 3)], [(False, False, False, True)])
fifthtest: ([(0, 1, 320250000000L, 0)], [(True, False, False, False)])
sixthtest: ([(0, 1, 227740000000L, 1)], [(False, True, False, False)])
seventhtest: ([(0, 1, 226410000000L, 2)], [(False, False, True, False)])
eigthtest: ([(0, 1, 257650000000L, 3)], [(False, False, False, True)])
--------------------------------------------------------------------------------
0: 1.0 ['firsttest', 'fifthtest']
1: 0.0 ['secondtest', 'sixthtest']
2: 0.0 ['thirdtest', 'seventhtest']
3: 1.0 ['fourthtest', 'eigthtest']
--------------------------------------------------------------------------------
firsttest: ([(0, 1, 302370000000L, 2)], [(True, True, True, True)])
secondtest: ([(0, 1, 358480000000L, 1)], [(True, True, True, True)])
thirdtest: ([(0, 1, 356900000000L, 2)], [(True, True, True, True)])
fourthtest: ([(0, 1, 358690000000L, 3)], [(True, True, True, True)])
fifthtest: ([(0, 1, 320250000000L, 0)], [(True, True, True, True)])
sixthtest: ([(0, 1, 227740000000L, 1)], [(True, True, True, True)])
seventhtest: ([(0, 1, 226410000000L, 2)], [(True, True, True, True)])
eigthtest: ([(0, 1, 257650000000L, 3)], [(True, True, True, True)])
--------------------------------------------------------------------------------
0: 0.0 ['fifthtest']
1: 0.0 ['secondtest', 'sixthtest']
2: 0.0 ['firsttest', 'thirdtest', 'seventhtest']
3: 0.0 ['fourthtest', 'eigthtest']
--------------------------------------------------------------------------------
firsttest: ([(0, 1, 302370000000L, 2)], [(True, True, True, True)])
secondtest: ([(0, 1, 358480000000L, 1)], [(True, True, True, True)])
thirdtest: ([(0, 1, 356900000000L, 1)], [(True, True, True, True)])
fourthtest: ([(0, 1, 358700000000L, 2)], [(True, True, True, True)])
fifthtest: ([(0, 1, 320250000000L, 0)], [(True, True, True, True)])
sixthtest: ([(0, 1, 227740000000L, 1)], [(True, True, True, True)])
seventhtest: ([(0, 1, 226410000000L, 2)], [(True, True, True, True)])
eigthtest: ([(0, 1, 257650000000L, 3)], [(True, True, True, True)])
--------------------------------------------------------------------------------
0: 0.0 ['fifthtest']
1: 0.0 ['secondtest', 'thirdtest', 'sixthtest']
2: 1.0 ['firsttest', 'fourthtest', 'seventhtest']
3: 0.0 ['eigthtest']
--------------------------------------------------------------------------------
firsttest: ([(0, 1, 302580000000L, 3)], [(True, True, True, True)])
secondtest: ([(0, 1, 358690000000L, 3)], [(True, True, True, True)])
thirdtest: ([(0, 1, 357110000000L, 1)], [(True, True, True, True)])
fourthtest: ([(0, 1, 358880000000L, 2)], [(True, True, True, True)])
fifthtest: ([(0, 1, 320500000000L, 2)], [(True, True, True, True)])
sixthtest: ([(0, 1, 227930000000L, 0)], [(True, True, True, True)])
seventhtest: ([(0, 1, 226610000000L, 0)], [(True, True, True, True)])
eigthtest: ([(0, 1, 257870000000L, 1)], [(True, True, True, True)])
--------------------------------------------------------------------------------
0: 39.0 ['sixthtest', 'seventhtest']
1: 43.0 ['thirdtest', 'eigthtest']
2: 43.0 ['fourthtest', 'fifthtest']
3: 42.0 ['firsttest', 'secondtest']
--------------------------------------------------------------------------------
firsttest: ([(0, 1, 302900000000L, 3)], [(True, True, True, True)])
secondtest: ([(0, 1, 359020000000L, 3)], [(True, True, True, True)])
thirdtest: ([(0, 1, 357430000000L, 0)], [(True, True, True, True)])
fourthtest: ([(0, 1, 359190000000L, 2)], [(True, True, True, True)])
fifthtest: ([(0, 1, 320830000000L, 1)], [(True, True, True, True)])
sixthtest: ([(0, 1, 228240000000L, 0)], [(True, True, True, True)])
seventhtest: ([(0, 1, 226940000000L, 2)], [(True, True, True, True)])
eigthtest: ([(0, 1, 258180000000L, 1)], [(True, True, True, True)])
--------------------------------------------------------------------------------
0: 63.0 ['thirdtest', 'sixthtest']
1: 64.0 ['fifthtest', 'eigthtest']
2: 64.0 ['fourthtest', 'seventhtest']
3: 65.0 ['firsttest', 'secondtest']
--------------------------------------------------------------------------------
firsttest: ([(0, 1, 303250000000L, 3)], [(True, True, True, True)])
secondtest: ([(0, 1, 359370000000L, 3)], [(True, True, True, True)])
thirdtest: ([(0, 1, 357770000000L, 0)], [(True, True, True, True)])
fourthtest: ([(0, 1, 359520000000L, 1)], [(True, True, True, True)])
fifthtest: ([(0, 1, 321160000000L, 2)], [(True, True, True, True)])
sixthtest: ([(0, 1, 228590000000L, 2)], [(True, True, True, True)])
seventhtest: ([(0, 1, 227270000000L, 1)], [(True, True, True, True)])
eigthtest: ([(0, 1, 258520000000L, 0)], [(True, True, True, True)])
--------------------------------------------------------------------------------
0: 68.0 ['thirdtest', 'eigthtest']
1: 66.0 ['fourthtest', 'seventhtest']
2: 68.0 ['fifthtest', 'sixthtest']
3: 70.0 ['firsttest', 'secondtest']
--------------------------------------------------------------------------------
firsttest: ([(0, 1, 303590000000L, 3)], [(False, False, False, True)])
secondtest: ([(0, 1, 359700000000L, 3)], [(False, False, False, True)])
thirdtest: ([(0, 1, 358110000000L, 0)], [(True, False, False, False)])
fourthtest: ([(0, 1, 359860000000L, 1)], [(False, True, False, False)])
fifthtest: ([(0, 1, 321510000000L, 2)], [(False, False, True, False)])
sixthtest: ([(0, 1, 228930000000L, 2)], [(False, False, True, False)])
seventhtest: ([(0, 1, 227580000000L, 1)], [(False, True, False, False)])
eigthtest: ([(0, 1, 258860000000L, 0)], [(True, False, False, False)])
--------------------------------------------------------------------------------
0: 68.0 ['thirdtest', 'eigthtest']
1: 65.0 ['fourthtest', 'seventhtest']
2: 69.0 ['fifthtest', 'sixthtest']
3: 67.0 ['firsttest', 'secondtest']
--------------------------------------------------------------------------------
firsttest: ([(0, 1, 303900000000L, 3)], [(False, False, False, True)])
secondtest: ([(0, 1, 360010000000L, 3)], [(False, False, False, True)])
thirdtest: ([(0, 1, 358410000000L, 0)], [(True, False, False, False)])
fourthtest: ([(0, 1, 360150000000L, 1)], [(False, True, False, False)])
fifthtest: ([(0, 1, 321820000000L, 2)], [(False, False, True, False)])
sixthtest: ([(0, 1, 229240000000L, 2)], [(False, False, True, False)])
seventhtest: ([(0, 1, 227870000000L, 1)], [(False, True, False, False)])
eigthtest: ([(0, 1, 259160000000L, 0)], [(True, False, False, False)])
--------------------------------------------------------------------------------
0: 60.0 ['thirdtest', 'eigthtest']
1: 58.0 ['fourthtest', 'seventhtest']
2: 62.0 ['fifthtest', 'sixthtest']
3: 62.0 ['firsttest', 'secondtest']
--------------------------------------------------------------------------------
firsttest: ([(0, 1, 304230000000L, 3)], [(False, False, False, True)])
secondtest: ([(0, 1, 360330000000L, 3)], [(False, False, False, True)])
thirdtest: ([(0, 1, 358730000000L, 0)], [(True, False, False, False)])
fourthtest: ([(0, 1, 360460000000L, 1)], [(False, True, False, False)])
fifthtest: ([(0, 1, 322140000000L, 2)], [(False, False, True, False)])
sixthtest: ([(0, 1, 229570000000L, 2)], [(False, False, True, False)])
seventhtest: ([(0, 1, 228190000000L, 1)], [(False, True, False, False)])
eigthtest: ([(0, 1, 259500000000L, 0)], [(True, False, False, False)])
--------------------------------------------------------------------------------
0: 66.0 ['thirdtest', 'eigthtest']
1: 63.0 ['fourthtest', 'seventhtest']
2: 65.0 ['fifthtest', 'sixthtest']
3: 65.0 ['firsttest', 'secondtest']
--------------------------------------------------------------------------------
firsttest: ([(0, 1, 304560000000L, 3)], [(False, False, False, True)])
secondtest: ([(0, 1, 360670000000L, 3)], [(False, False, False, True)])
thirdtest: ([(0, 1, 359060000000L, 0)], [(True, False, False, False)])
fourthtest: ([(0, 1, 360780000000L, 1)], [(False, True, False, False)])
fifthtest: ([(0, 1, 322460000000L, 2)], [(False, False, True, False)])
sixthtest: ([(0, 1, 229900000000L, 2)], [(False, False, True, False)])
seventhtest: ([(0, 1, 228530000000L, 1)], [(False, True, False, False)])
eigthtest: ([(0, 1, 259830000000L, 0)], [(True, False, False, False)])
--------------------------------------------------------------------------------
0: 66.0 ['thirdtest', 'eigthtest']
1: 66.0 ['fourthtest', 'seventhtest']
2: 65.0 ['fifthtest', 'sixthtest']
3: 67.0 ['firsttest', 'secondtest']
--------------------------------------------------------------------------------
firsttest: ([(0, 1, 304870000000L, 3)], [(False, False, False, True)])
secondtest: ([(0, 1, 360990000000L, 3)], [(False, False, False, True)])
thirdtest: ([(0, 1, 359390000000L, 0)], [(True, False, False, False)])
fourthtest: ([(0, 1, 361090000000L, 1)], [(False, True, False, False)])
fifthtest: ([(0, 1, 322800000000L, 2)], [(False, False, True, False)])
sixthtest: ([(0, 1, 230210000000L, 2)], [(False, False, True, False)])
seventhtest: ([(0, 1, 228830000000L, 1)], [(False, True, False, False)])
eigthtest: ([(0, 1, 260150000000L, 0)], [(True, False, False, False)])
--------------------------------------------------------------------------------
0: 65.0 ['thirdtest', 'eigthtest']
1: 61.0 ['fourthtest', 'seventhtest']
2: 65.0 ['fifthtest', 'sixthtest']
3: 63.0 ['firsttest', 'secondtest']
--------------------------------------------------------------------------------
firsttest: ([(0, 1, 305190000000L, 3)], [(False, False, False, True)])
secondtest: ([(0, 1, 361310000000L, 3)], [(False, False, False, True)])
thirdtest: ([(0, 1, 359700000000L, 0)], [(True, False, False, False)])
fourthtest: ([(0, 1, 361400000000L, 1)], [(False, True, False, False)])
fifthtest: ([(0, 1, 323110000000L, 2)], [(False, False, True, False)])
sixthtest: ([(0, 1, 230530000000L, 2)], [(False, False, True, False)])
seventhtest: ([(0, 1, 229150000000L, 1)], [(False, True, False, False)])
eigthtest: ([(0, 1, 260460000000L, 0)], [(True, False, False, False)])
--------------------------------------------------------------------------------
0: 62.0 ['thirdtest', 'eigthtest']
1: 63.0 ['fourthtest', 'seventhtest']
2: 63.0 ['fifthtest', 'sixthtest']
3: 64.0 ['firsttest', 'secondtest']
--------------------------------------------------------------------------------
firsttest: ([(0, 1, 305520000000L, 3)], [(False, False, False, True)])
secondtest: ([(0, 1, 361630000000L, 3)], [(False, False, False, True)])
thirdtest: ([(0, 1, 360020000000L, 0)], [(True, False, False, False)])
fourthtest: ([(0, 1, 361720000000L, 1)], [(False, True, False, False)])
fifthtest: ([(0, 1, 323430000000L, 2)], [(False, False, True, False)])
sixthtest: ([(0, 1, 230850000000L, 2)], [(False, False, True, False)])
seventhtest: ([(0, 1, 229460000000L, 1)], [(False, True, False, False)])
eigthtest: ([(0, 1, 260780000000L, 0)], [(True, False, False, False)])
--------------------------------------------------------------------------------
0: 64.0 ['thirdtest', 'eigthtest']
1: 63.0 ['fourthtest', 'seventhtest']
2: 64.0 ['fifthtest', 'sixthtest']
3: 65.0 ['firsttest', 'secondtest']
--------------------------------------------------------------------------------
firsttest: ([(0, 1, 305850000000L, 3)], [(False, False, False, True)])
secondtest: ([(0, 1, 361960000000L, 3)], [(False, False, False, True)])
thirdtest: ([(0, 1, 360350000000L, 0)], [(True, False, False, False)])
fourthtest: ([(0, 1, 362030000000L, 1)], [(False, True, False, False)])
fifthtest: ([(0, 1, 323760000000L, 2)], [(False, False, True, False)])
sixthtest: ([(0, 1, 231190000000L, 2)], [(False, False, True, False)])
seventhtest: ([(0, 1, 229790000000L, 1)], [(False, True, False, False)])
eigthtest: ([(0, 1, 261110000000L, 0)], [(True, False, False, False)])
--------------------------------------------------------------------------------
0: 66.0 ['thirdtest', 'eigthtest']
1: 64.0 ['fourthtest', 'seventhtest']
2: 67.0 ['fifthtest', 'sixthtest']
3: 66.0 ['firsttest', 'secondtest']
--------------------------------------------------------------------------------
firsttest: ([(0, 1, 306180000000L, 3)], [(False, False, False, True)])
secondtest: ([(0, 1, 362300000000L, 3)], [(False, False, False, True)])
thirdtest: ([(0, 1, 360670000000L, 0)], [(True, False, False, False)])
fourthtest: ([(0, 1, 362360000000L, 1)], [(False, True, False, False)])
fifthtest: ([(0, 1, 324090000000L, 2)], [(False, False, True, False)])
sixthtest: ([(0, 1, 231510000000L, 2)], [(False, False, True, False)])
seventhtest: ([(0, 1, 230110000000L, 1)], [(False, True, False, False)])
eigthtest: ([(0, 1, 261430000000L, 0)], [(True, False, False, False)])
--------------------------------------------------------------------------------
0: 64.0 ['thirdtest', 'eigthtest']
1: 65.0 ['fourthtest', 'seventhtest']
2: 65.0 ['fifthtest', 'sixthtest']
3: 67.0 ['firsttest', 'secondtest']
--------------------------------------------------------------------------------
firsttest: ([(0, 1, 306510000000L, 3)], [(False, False, False, True)])
secondtest: ([(0, 1, 362620000000L, 3)], [(False, False, False, True)])
thirdtest: ([(0, 1, 361000000000L, 0)], [(True, False, False, False)])
fourthtest: ([(0, 1, 362690000000L, 1)], [(False, True, False, False)])
fifthtest: ([(0, 1, 324420000000L, 2)], [(False, False, True, False)])
sixthtest: ([(0, 1, 231850000000L, 2)], [(False, False, True, False)])
seventhtest: ([(0, 1, 230430000000L, 1)], [(False, True, False, False)])
eigthtest: ([(0, 1, 261770000000L, 0)], [(True, False, False, False)])
--------------------------------------------------------------------------------
0: 67.0 ['thirdtest', 'eigthtest']
1: 65.0 ['fourthtest', 'seventhtest']
2: 67.0 ['fifthtest', 'sixthtest']
3: 65.0 ['firsttest', 'secondtest']
--------------------------------------------------------------------------------
firsttest: ([(0, 1, 306820000000L, 3)], [(False, False, False, True)])
secondtest: ([(0, 1, 362940000000L, 3)], [(False, False, False, True)])
thirdtest: ([(0, 1, 361310000000L, 0)], [(True, False, False, False)])
fourthtest: ([(0, 1, 363010000000L, 1)], [(False, True, False, False)])
fifthtest: ([(0, 1, 324740000000L, 2)], [(False, False, True, False)])
sixthtest: ([(0, 1, 232170000000L, 2)], [(False, False, True, False)])
seventhtest: ([(0, 1, 230760000000L, 1)], [(False, True, False, False)])
eigthtest: ([(0, 1, 262090000000L, 0)], [(True, False, False, False)])
--------------------------------------------------------------------------------
0: 63.0 ['thirdtest', 'eigthtest']
1: 65.0 ['fourthtest', 'seventhtest']
2: 64.0 ['fifthtest', 'sixthtest']
3: 63.0 ['firsttest', 'secondtest']
--------------------------------------------------------------------------------
firsttest: ([(0, 1, 307140000000L, 3)], [(False, False, False, True)])
secondtest: ([(0, 1, 363260000000L, 3)], [(False, False, False, True)])
thirdtest: ([(0, 1, 361640000000L, 0)], [(True, False, False, False)])
fourthtest: ([(0, 1, 363330000000L, 1)], [(False, True, False, False)])
fifthtest: ([(0, 1, 325070000000L, 2)], [(False, False, True, False)])
sixthtest: ([(0, 1, 232490000000L, 2)], [(False, False, True, False)])
seventhtest: ([(0, 1, 231080000000L, 1)], [(False, True, False, False)])
eigthtest: ([(0, 1, 262420000000L, 0)], [(True, False, False, False)])
--------------------------------------------------------------------------------
0: 66.0 ['thirdtest', 'eigthtest']
1: 64.0 ['fourthtest', 'seventhtest']
2: 65.0 ['fifthtest', 'sixthtest']
3: 64.0 ['firsttest', 'secondtest']
--------------------------------------------------------------------------------
firsttest: ([(0, 1, 307470000000L, 3)], [(False, False, False, True)])
secondtest: ([(0, 1, 363590000000L, 3)], [(False, False, False, True)])
thirdtest: ([(0, 1, 361960000000L, 0)], [(True, False, False, False)])
fourthtest: ([(0, 1, 363650000000L, 1)], [(False, True, False, False)])
fifthtest: ([(0, 1, 325400000000L, 2)], [(False, False, True, False)])
sixthtest: ([(0, 1, 232820000000L, 2)], [(False, False, True, False)])
seventhtest: ([(0, 1, 231400000000L, 1)], [(False, True, False, False)])
eigthtest: ([(0, 1, 262750000000L, 0)], [(True, False, False, False)])
--------------------------------------------------------------------------------
0: 65.0 ['thirdtest', 'eigthtest']
1: 64.0 ['fourthtest', 'seventhtest']
2: 66.0 ['fifthtest', 'sixthtest']
3: 66.0 ['firsttest', 'secondtest']
--------------------------------------------------------------------------------
firsttest: ([(0, 1, 307810000000L, 3)], [(False, False, False, True)])
secondtest: ([(0, 1, 363910000000L, 3)], [(False, False, False, True)])
thirdtest: ([(0, 1, 362300000000L, 0)], [(True, False, False, False)])
fourthtest: ([(0, 1, 363970000000L, 1)], [(False, True, False, False)])
fifthtest: ([(0, 1, 325730000000L, 2)], [(False, False, True, False)])
sixthtest: ([(0, 1, 233160000000L, 2)], [(False, False, True, False)])
seventhtest: ([(0, 1, 231720000000L, 1)], [(False, True, False, False)])
eigthtest: ([(0, 1, 263080000000L, 0)], [(True, False, False, False)])
--------------------------------------------------------------------------------
0: 67.0 ['thirdtest', 'eigthtest']
1: 64.0 ['fourthtest', 'seventhtest']
2: 67.0 ['fifthtest', 'sixthtest']
3: 66.0 ['firsttest', 'secondtest']
--------------------------------------------------------------------------------
firsttest: ([(0, 1, 308130000000L, 3)], [(False, False, False, True)])
secondtest: ([(0, 1, 364250000000L, 3)], [(False, False, False, True)])
thirdtest: ([(0, 1, 362620000000L, 0)], [(True, False, False, False)])
fourthtest: ([(0, 1, 364290000000L, 1)], [(False, True, False, False)])
fifthtest: ([(0, 1, 326070000000L, 2)], [(False, False, True, False)])
sixthtest: ([(0, 1, 233490000000L, 2)], [(False, False, True, False)])
seventhtest: ([(0, 1, 232040000000L, 1)], [(False, True, False, False)])
eigthtest: ([(0, 1, 263400000000L, 0)], [(True, False, False, False)])
--------------------------------------------------------------------------------
0: 64.0 ['thirdtest', 'eigthtest']
1: 64.0 ['fourthtest', 'seventhtest']
2: 67.0 ['fifthtest', 'sixthtest']
3: 66.0 ['firsttest', 'secondtest']
--------------------------------------------------------------------------------
firsttest: ([(0, 1, 308450000000L, 3)], [(False, False, False, True)])
secondtest: ([(0, 1, 364560000000L, 3)], [(False, False, False, True)])
thirdtest: ([(0, 1, 362950000000L, 0)], [(True, False, False, False)])
fourthtest: ([(0, 1, 364600000000L, 1)], [(False, True, False, False)])
fifthtest: ([(0, 1, 326390000000L, 2)], [(False, False, True, False)])
sixthtest: ([(0, 1, 233820000000L, 2)], [(False, False, True, False)])
seventhtest: ([(0, 1, 232350000000L, 1)], [(False, True, False, False)])
eigthtest: ([(0, 1, 263730000000L, 0)], [(True, False, False, False)])
--------------------------------------------------------------------------------
0: 66.0 ['thirdtest', 'eigthtest']
1: 62.0 ['fourthtest', 'seventhtest']
2: 65.0 ['fifthtest', 'sixthtest']
3: 63.0 ['firsttest', 'secondtest']
--------------------------------------------------------------------------------
firsttest: ([(0, 1, 308770000000L, 3)], [(False, False, False, True)])
secondtest: ([(0, 1, 364890000000L, 3)], [(False, False, False, True)])
thirdtest: ([(0, 1, 363270000000L, 0)], [(True, False, False, False)])
fourthtest: ([(0, 1, 364930000000L, 1)], [(False, True, False, False)])
fifthtest: ([(0, 1, 326720000000L, 2)], [(False, False, True, False)])
sixthtest: ([(0, 1, 234140000000L, 2)], [(False, False, True, False)])
seventhtest: ([(0, 1, 232670000000L, 1)], [(False, True, False, False)])
eigthtest: ([(0, 1, 264050000000L, 0)], [(True, False, False, False)])
--------------------------------------------------------------------------------
0: 64.0 ['thirdtest', 'eigthtest']
1: 65.0 ['fourthtest', 'seventhtest']
2: 65.0 ['fifthtest', 'sixthtest']
3: 65.0 ['firsttest', 'secondtest']
--------------------------------------------------------------------------------
firsttest: ([(0, 1, 309100000000L, 3)], [(False, False, False, True)])
secondtest: ([(0, 1, 365200000000L, 3)], [(False, False, False, True)])
thirdtest: ([(0, 1, 363590000000L, 0)], [(True, False, False, False)])
fourthtest: ([(0, 1, 365240000000L, 1)], [(False, True, False, False)])
fifthtest: ([(0, 1, 327030000000L, 2)], [(False, False, True, False)])
sixthtest: ([(0, 1, 234460000000L, 2)], [(False, False, True, False)])
seventhtest: ([(0, 1, 232980000000L, 1)], [(False, True, False, False)])
eigthtest: ([(0, 1, 264370000000L, 0)], [(True, False, False, False)])
--------------------------------------------------------------------------------
0: 64.0 ['thirdtest', 'eigthtest']
1: 62.0 ['fourthtest', 'seventhtest']
2: 63.0 ['fifthtest', 'sixthtest']
3: 64.0 ['firsttest', 'secondtest']
--------------------------------------------------------------------------------
firsttest: ([(0, 1, 309410000000L, 3)], [(False, False, False, True)])
secondtest: ([(0, 1, 365530000000L, 3)], [(False, False, False, True)])
thirdtest: ([(0, 1, 363910000000L, 0)], [(True, False, False, False)])
fourthtest: ([(0, 1, 365550000000L, 1)], [(False, True, False, False)])
fifthtest: ([(0, 1, 327360000000L, 2)], [(False, False, True, False)])
sixthtest: ([(0, 1, 234780000000L, 2)], [(False, False, True, False)])
seventhtest: ([(0, 1, 233300000000L, 1)], [(False, True, False, False)])
eigthtest: ([(0, 1, 264690000000L, 0)], [(True, False, False, False)])
--------------------------------------------------------------------------------
0: 64.0 ['thirdtest', 'eigthtest']
1: 63.0 ['fourthtest', 'seventhtest']
2: 65.0 ['fifthtest', 'sixthtest']
3: 64.0 ['firsttest', 'secondtest']
--------------------------------------------------------------------------------
firsttest: ([(0, 1, 309740000000L, 3)], [(False, False, False, True)])
secondtest: ([(0, 1, 365860000000L, 3)], [(False, False, False, True)])
thirdtest: ([(0, 1, 364230000000L, 0)], [(True, False, False, False)])
fourthtest: ([(0, 1, 365880000000L, 1)], [(False, True, False, False)])
fifthtest: ([(0, 1, 327690000000L, 2)], [(False, False, True, False)])
sixthtest: ([(0, 1, 235120000000L, 2)], [(False, False, True, False)])
seventhtest: ([(0, 1, 233620000000L, 1)], [(False, True, False, False)])
eigthtest: ([(0, 1, 265010000000L, 0)], [(True, False, False, False)])
--------------------------------------------------------------------------------
0: 64.0 ['thirdtest', 'eigthtest']
1: 65.0 ['fourthtest', 'seventhtest']
2: 67.0 ['fifthtest', 'sixthtest']
3: 66.0 ['firsttest', 'secondtest']
--------------------------------------------------------------------------------
firsttest: ([(0, 1, 310080000000L, 3)], [(False, False, False, True)])
secondtest: ([(0, 1, 366180000000L, 3)], [(False, False, False, True)])
thirdtest: ([(0, 1, 364560000000L, 0)], [(True, False, False, False)])
fourthtest: ([(0, 1, 366200000000L, 1)], [(False, True, False, False)])
fifthtest: ([(0, 1, 328010000000L, 2)], [(False, False, True, False)])
sixthtest: ([(0, 1, 235440000000L, 2)], [(False, False, True, False)])
seventhtest: ([(0, 1, 233940000000L, 1)], [(False, True, False, False)])
eigthtest: ([(0, 1, 265340000000L, 0)], [(True, False, False, False)])
--------------------------------------------------------------------------------
0: 66.0 ['thirdtest', 'eigthtest']
1: 64.0 ['fourthtest', 'seventhtest']
2: 64.0 ['fifthtest', 'sixthtest']
3: 66.0 ['firsttest', 'secondtest']
--------------------------------------------------------------------------------
firsttest: ([(0, 1, 310400000000L, 3)], [(False, False, False, True)])
secondtest: ([(0, 1, 366520000000L, 3)], [(False, False, False, True)])
thirdtest: ([(0, 1, 364880000000L, 0)], [(True, False, False, False)])
fourthtest: ([(0, 1, 366520000000L, 1)], [(False, True, False, False)])
fifthtest: ([(0, 1, 328340000000L, 2)], [(False, False, True, False)])
sixthtest: ([(0, 1, 235770000000L, 2)], [(False, False, True, False)])
seventhtest: ([(0, 1, 234270000000L, 1)], [(False, True, False, False)])
eigthtest: ([(0, 1, 265670000000L, 0)], [(True, False, False, False)])
--------------------------------------------------------------------------------
0: 65.0 ['thirdtest', 'eigthtest']
1: 65.0 ['fourthtest', 'seventhtest']
2: 66.0 ['fifthtest', 'sixthtest']
3: 66.0 ['firsttest', 'secondtest']
--------------------------------------------------------------------------------
firsttest: ([(0, 1, 310730000000L, 3)], [(False, False, False, True)])
secondtest: ([(0, 1, 366850000000L, 3)], [(False, False, False, True)])
thirdtest: ([(0, 1, 365220000000L, 0)], [(True, False, False, False)])
fourthtest: ([(0, 1, 366850000000L, 1)], [(False, True, False, False)])
fifthtest: ([(0, 1, 328680000000L, 2)], [(False, False, True, False)])
sixthtest: ([(0, 1, 236110000000L, 2)], [(False, False, True, False)])
seventhtest: ([(0, 1, 234600000000L, 1)], [(False, True, False, False)])
eigthtest: ([(0, 1, 266000000000L, 0)], [(True, False, False, False)])
--------------------------------------------------------------------------------
0: 67.0 ['thirdtest', 'eigthtest']
1: 66.0 ['fourthtest', 'seventhtest']
2: 68.0 ['fifthtest', 'sixthtest']
3: 66.0 ['firsttest', 'secondtest']
--------------------------------------------------------------------------------
firsttest: ([(0, 1, 311070000000L, 3)], [(False, False, False, True)])
secondtest: ([(0, 1, 367180000000L, 3)], [(False, False, False, True)])
thirdtest: ([(0, 1, 365540000000L, 0)], [(True, False, False, False)])
fourthtest: ([(0, 1, 367170000000L, 1)], [(False, True, False, False)])
fifthtest: ([(0, 1, 329020000000L, 2)], [(False, False, True, False)])
sixthtest: ([(0, 1, 236440000000L, 2)], [(False, False, True, False)])
seventhtest: ([(0, 1, 234920000000L, 1)], [(False, True, False, False)])
eigthtest: ([(0, 1, 266330000000L, 0)], [(True, False, False, False)])
--------------------------------------------------------------------------------
0: 65.0 ['thirdtest', 'eigthtest']
1: 64.0 ['fourthtest', 'seventhtest']
2: 67.0 ['fifthtest', 'sixthtest']
3: 67.0 ['firsttest', 'secondtest']
--------------------------------------------------------------------------------
firsttest: ([(0, 1, 311400000000L, 3)], [(False, False, False, True)])
secondtest: ([(0, 1, 367510000000L, 3)], [(False, False, False, True)])
thirdtest: ([(0, 1, 365870000000L, 0)], [(True, False, False, False)])
fourthtest: ([(0, 1, 367500000000L, 1)], [(False, True, False, False)])
fifthtest: ([(0, 1, 329340000000L, 2)], [(False, False, True, False)])
sixthtest: ([(0, 1, 236770000000L, 2)], [(False, False, True, False)])
seventhtest: ([(0, 1, 235250000000L, 1)], [(False, True, False, False)])
eigthtest: ([(0, 1, 266660000000L, 0)], [(True, False, False, False)])
--------------------------------------------------------------------------------
0: 66.0 ['thirdtest', 'eigthtest']
1: 66.0 ['fourthtest', 'seventhtest']
2: 65.0 ['fifthtest', 'sixthtest']
3: 66.0 ['firsttest', 'secondtest']
--------------------------------------------------------------------------------
^Z
[1]+  Stopped                 ./monitor.py
]0;sonia@ubuntu: ~/Downloads/cs6210Project1_test-master/test/cpu[01;32msonia@ubuntu[00m:[01;34m~/Downloads/cs6210Project1_test-master/test/cpu[00m$ exit
exit
There are stopped jobs.
]0;sonia@ubuntu: ~/Downloads/cs6210Project1_test-master/test/cpu[01;32msonia@ubuntu[00m:[01;34m~/Downloads/cs6210Project1_test-master/test/cpu[00m$ script 5.log
Script started, file is 5.log
]0;sonia@ubuntu: ~/Downloads/cs6210Project1_test-master/test/cpu[01;32msonia@ubuntu[00m:[01;34m~/Downloads/cs6210Project1_test-master/test/cpu[00m$ ./monitor.py 
firsttest: ([(0, 1, 315550000000L, 3)], [(False, False, False, True)])
secondtest: ([(0, 1, 371750000000L, 3)], [(False, False, False, True)])
thirdtest: ([(0, 1, 370070000000L, 0)], [(True, False, False, False)])
fourthtest: ([(0, 1, 371640000000L, 1)], [(False, True, False, False)])
fifthtest: ([(0, 1, 333610000000L, 2)], [(False, False, True, False)])
sixthtest: ([(0, 1, 240960000000L, 2)], [(False, False, True, False)])
seventhtest: ([(0, 1, 239370000000L, 1)], [(False, True, False, False)])
eigthtest: ([(0, 1, 270880000000L, 0)], [(True, False, False, False)])
--------------------------------------------------------------------------------
0: 0.0 []
1: 0.0 []
2: 0.0 []
3: 0.0 []
--------------------------------------------------------------------------------
firsttest: ([(0, 1, 315560000000L, 3)], [(False, False, False, True)])
secondtest: ([(0, 1, 371750000000L, 3)], [(False, False, False, True)])
thirdtest: ([(0, 1, 370080000000L, 0)], [(True, False, False, False)])
fourthtest: ([(0, 1, 371640000000L, 1)], [(False, True, False, False)])
fifthtest: ([(0, 1, 333610000000L, 2)], [(False, False, True, False)])
sixthtest: ([(0, 1, 240970000000L, 2)], [(False, False, True, False)])
seventhtest: ([(0, 1, 239370000000L, 1)], [(False, True, False, False)])
eigthtest: ([(0, 1, 270880000000L, 0)], [(True, False, False, False)])
--------------------------------------------------------------------------------
0: 1.0 ['thirdtest', 'eigthtest']
1: 0.0 ['fourthtest', 'seventhtest']
2: 1.0 ['fifthtest', 'sixthtest']
3: 1.0 ['firsttest', 'secondtest']
--------------------------------------------------------------------------------
firsttest: ([(0, 1, 315560000000L, 3)], [(True, True, True, True)])
secondtest: ([(0, 1, 371750000000L, 3)], [(True, True, True, True)])
thirdtest: ([(0, 1, 370080000000L, 0)], [(True, True, True, True)])
fourthtest: ([(0, 1, 371650000000L, 1)], [(True, True, True, True)])
fifthtest: ([(0, 1, 333620000000L, 2)], [(True, True, True, True)])
sixthtest: ([(0, 1, 240970000000L, 2)], [(True, True, True, True)])
seventhtest: ([(0, 1, 239380000000L, 1)], [(True, True, True, True)])
eigthtest: ([(0, 1, 270880000000L, 0)], [(True, True, True, True)])
--------------------------------------------------------------------------------
0: 0.0 ['thirdtest', 'eigthtest']
1: 2.0 ['fourthtest', 'seventhtest']
2: 1.0 ['fifthtest', 'sixthtest']
3: 0.0 ['firsttest', 'secondtest']
--------------------------------------------------------------------------------
firsttest: ([(0, 1, 315560000000L, 3)], [(True, True, True, True)])
secondtest: ([(0, 1, 371760000000L, 3)], [(True, True, True, True)])
thirdtest: ([(0, 1, 370090000000L, 0)], [(True, True, True, True)])
fourthtest: ([(0, 1, 371650000000L, 1)], [(True, True, True, True)])
fifthtest: ([(0, 1, 333620000000L, 2)], [(True, True, True, True)])
sixthtest: ([(0, 1, 240970000000L, 2)], [(True, True, True, True)])
seventhtest: ([(0, 1, 239380000000L, 1)], [(True, True, True, True)])
eigthtest: ([(0, 1, 270880000000L, 0)], [(True, True, True, True)])
--------------------------------------------------------------------------------
0: 1.0 ['thirdtest', 'eigthtest']
1: 0.0 ['fourthtest', 'seventhtest']
2: 0.0 ['fifthtest', 'sixthtest']
3: 1.0 ['firsttest', 'secondtest']
--------------------------------------------------------------------------------
firsttest: ([(0, 1, 315680000000L, 3)], [(True, True, True, True)])
secondtest: ([(0, 1, 371960000000L, 0)], [(True, True, True, True)])
thirdtest: ([(0, 1, 370190000000L, 1)], [(True, True, True, True)])
fourthtest: ([(0, 1, 371780000000L, 3)], [(True, True, True, True)])
fifthtest: ([(0, 1, 333740000000L, 0)], [(True, True, True, True)])
sixthtest: ([(0, 1, 241100000000L, 1)], [(True, True, True, True)])
seventhtest: ([(0, 1, 239520000000L, 3)], [(True, True, True, True)])
eigthtest: ([(0, 1, 271030000000L, 2)], [(True, True, True, True)])
--------------------------------------------------------------------------------
0: 32.0 ['secondtest', 'fifthtest']
1: 23.0 ['thirdtest', 'sixthtest']
2: 15.0 ['eigthtest']
3: 39.0 ['firsttest', 'fourthtest', 'seventhtest']
--------------------------------------------------------------------------------
firsttest: ([(0, 1, 316150000000L, 0)], [(True, True, True, True)])
secondtest: ([(0, 1, 372400000000L, 3)], [(True, True, True, True)])
thirdtest: ([(0, 1, 370630000000L, 2)], [(True, True, True, True)])
fourthtest: ([(0, 1, 372200000000L, 1)], [(True, True, True, True)])
fifthtest: ([(0, 1, 333980000000L, 0)], [(True, True, True, True)])
sixthtest: ([(0, 1, 241310000000L, 1)], [(True, True, True, True)])
seventhtest: ([(0, 1, 239730000000L, 2)], [(True, True, True, True)])
eigthtest: ([(0, 1, 271250000000L, 3)], [(True, True, True, True)])
--------------------------------------------------------------------------------
0: 71.0 ['firsttest', 'fifthtest']
1: 63.0 ['fourthtest', 'sixthtest']
2: 65.0 ['thirdtest', 'seventhtest']
3: 66.0 ['secondtest', 'eigthtest']
--------------------------------------------------------------------------------
firsttest: ([(0, 1, 316620000000L, 0)], [(True, True, True, True)])
secondtest: ([(0, 1, 372870000000L, 2)], [(True, True, True, True)])
thirdtest: ([(0, 1, 371110000000L, 1)], [(True, True, True, True)])
fourthtest: ([(0, 1, 372670000000L, 3)], [(True, True, True, True)])
fifthtest: ([(0, 1, 334200000000L, 0)], [(True, True, True, True)])
sixthtest: ([(0, 1, 241540000000L, 1)], [(True, True, True, True)])
seventhtest: ([(0, 1, 239960000000L, 2)], [(True, True, True, True)])
eigthtest: ([(0, 1, 271480000000L, 3)], [(True, True, True, True)])
--------------------------------------------------------------------------------
0: 69.0 ['firsttest', 'fifthtest']
1: 71.0 ['thirdtest', 'sixthtest']
2: 70.0 ['secondtest', 'seventhtest']
3: 70.0 ['fourthtest', 'eigthtest']
--------------------------------------------------------------------------------
firsttest: ([(0, 1, 317100000000L, 0)], [(True, False, False, False)])
secondtest: ([(0, 1, 373330000000L, 2)], [(False, False, True, False)])
thirdtest: ([(0, 1, 371580000000L, 1)], [(False, True, False, False)])
fourthtest: ([(0, 1, 373150000000L, 3)], [(False, False, False, True)])
fifthtest: ([(0, 1, 334440000000L, 0)], [(True, False, False, False)])
sixthtest: ([(0, 1, 241770000000L, 1)], [(False, True, False, False)])
seventhtest: ([(0, 1, 240190000000L, 2)], [(False, False, True, False)])
eigthtest: ([(0, 1, 271720000000L, 3)], [(False, False, False, True)])
--------------------------------------------------------------------------------
0: 72.0 ['firsttest', 'fifthtest']
1: 70.0 ['thirdtest', 'sixthtest']
2: 69.0 ['secondtest', 'seventhtest']
3: 72.0 ['fourthtest', 'eigthtest']
--------------------------------------------------------------------------------
firsttest: ([(0, 1, 317580000000L, 0)], [(True, False, False, False)])
secondtest: ([(0, 1, 373810000000L, 2)], [(False, False, True, False)])
thirdtest: ([(0, 1, 372060000000L, 1)], [(False, True, False, False)])
fourthtest: ([(0, 1, 373630000000L, 3)], [(False, False, False, True)])
fifthtest: ([(0, 1, 334650000000L, 0)], [(True, False, False, False)])
sixthtest: ([(0, 1, 241990000000L, 1)], [(False, True, False, False)])
seventhtest: ([(0, 1, 240410000000L, 2)], [(False, False, True, False)])
eigthtest: ([(0, 1, 271940000000L, 3)], [(False, False, False, True)])
--------------------------------------------------------------------------------
0: 69.0 ['firsttest', 'fifthtest']
1: 70.0 ['thirdtest', 'sixthtest']
2: 70.0 ['secondtest', 'seventhtest']
3: 70.0 ['fourthtest', 'eigthtest']
--------------------------------------------------------------------------------
firsttest: ([(0, 1, 318070000000L, 0)], [(True, False, False, False)])
secondtest: ([(0, 1, 374300000000L, 2)], [(False, False, True, False)])
thirdtest: ([(0, 1, 372550000000L, 1)], [(False, True, False, False)])
fourthtest: ([(0, 1, 374130000000L, 3)], [(False, False, False, True)])
fifthtest: ([(0, 1, 334890000000L, 0)], [(True, False, False, False)])
sixthtest: ([(0, 1, 242220000000L, 1)], [(False, True, False, False)])
seventhtest: ([(0, 1, 240650000000L, 2)], [(False, False, True, False)])
eigthtest: ([(0, 1, 272170000000L, 3)], [(False, False, False, True)])
--------------------------------------------------------------------------------
0: 73.0 ['firsttest', 'fifthtest']
1: 72.0 ['thirdtest', 'sixthtest']
2: 73.0 ['secondtest', 'seventhtest']
3: 73.0 ['fourthtest', 'eigthtest']
--------------------------------------------------------------------------------
firsttest: ([(0, 1, 318550000000L, 0)], [(True, False, False, False)])
secondtest: ([(0, 1, 374790000000L, 2)], [(False, False, True, False)])
thirdtest: ([(0, 1, 373020000000L, 1)], [(False, True, False, False)])
fourthtest: ([(0, 1, 374630000000L, 3)], [(False, False, False, True)])
fifthtest: ([(0, 1, 335130000000L, 0)], [(True, False, False, False)])
sixthtest: ([(0, 1, 242450000000L, 1)], [(False, True, False, False)])
seventhtest: ([(0, 1, 240890000000L, 2)], [(False, False, True, False)])
eigthtest: ([(0, 1, 272410000000L, 3)], [(False, False, False, True)])
--------------------------------------------------------------------------------
0: 72.0 ['firsttest', 'fifthtest']
1: 70.0 ['thirdtest', 'sixthtest']
2: 73.0 ['secondtest', 'seventhtest']
3: 74.0 ['fourthtest', 'eigthtest']
--------------------------------------------------------------------------------
firsttest: ([(0, 1, 319020000000L, 0)], [(True, False, False, False)])
secondtest: ([(0, 1, 375260000000L, 2)], [(False, False, True, False)])
thirdtest: ([(0, 1, 373490000000L, 1)], [(False, True, False, False)])
fourthtest: ([(0, 1, 375090000000L, 3)], [(False, False, False, True)])
fifthtest: ([(0, 1, 335340000000L, 0)], [(True, False, False, False)])
sixthtest: ([(0, 1, 242670000000L, 1)], [(False, True, False, False)])
seventhtest: ([(0, 1, 241110000000L, 2)], [(False, False, True, False)])
eigthtest: ([(0, 1, 272620000000L, 3)], [(False, False, False, True)])
--------------------------------------------------------------------------------
0: 68.0 ['firsttest', 'fifthtest']
1: 69.0 ['thirdtest', 'sixthtest']
2: 69.0 ['secondtest', 'seventhtest']
3: 67.0 ['fourthtest', 'eigthtest']
--------------------------------------------------------------------------------
firsttest: ([(0, 1, 319500000000L, 0)], [(True, False, False, False)])
secondtest: ([(0, 1, 375740000000L, 2)], [(False, False, True, False)])
thirdtest: ([(0, 1, 373960000000L, 1)], [(False, True, False, False)])
fourthtest: ([(0, 1, 375580000000L, 3)], [(False, False, False, True)])
fifthtest: ([(0, 1, 335560000000L, 0)], [(True, False, False, False)])
sixthtest: ([(0, 1, 242880000000L, 1)], [(False, True, False, False)])
seventhtest: ([(0, 1, 241320000000L, 2)], [(False, False, True, False)])
eigthtest: ([(0, 1, 272840000000L, 3)], [(False, False, False, True)])
--------------------------------------------------------------------------------
0: 70.0 ['firsttest', 'fifthtest']
1: 68.0 ['thirdtest', 'sixthtest']
2: 69.0 ['secondtest', 'seventhtest']
3: 71.0 ['fourthtest', 'eigthtest']
--------------------------------------------------------------------------------
firsttest: ([(0, 1, 319990000000L, 0)], [(True, False, False, False)])
secondtest: ([(0, 1, 376240000000L, 2)], [(False, False, True, False)])
thirdtest: ([(0, 1, 374450000000L, 1)], [(False, True, False, False)])
fourthtest: ([(0, 1, 376070000000L, 3)], [(False, False, False, True)])
fifthtest: ([(0, 1, 335790000000L, 0)], [(True, False, False, False)])
sixthtest: ([(0, 1, 243110000000L, 1)], [(False, True, False, False)])
seventhtest: ([(0, 1, 241550000000L, 2)], [(False, False, True, False)])
eigthtest: ([(0, 1, 273070000000L, 3)], [(False, False, False, True)])
--------------------------------------------------------------------------------
0: 72.0 ['firsttest', 'fifthtest']
1: 72.0 ['thirdtest', 'sixthtest']
2: 73.0 ['secondtest', 'seventhtest']
3: 72.0 ['fourthtest', 'eigthtest']
--------------------------------------------------------------------------------
firsttest: ([(0, 1, 320460000000L, 0)], [(True, False, False, False)])
secondtest: ([(0, 1, 376700000000L, 2)], [(False, False, True, False)])
thirdtest: ([(0, 1, 374910000000L, 1)], [(False, True, False, False)])
fourthtest: ([(0, 1, 376540000000L, 3)], [(False, False, False, True)])
fifthtest: ([(0, 1, 336000000000L, 0)], [(True, False, False, False)])
sixthtest: ([(0, 1, 243320000000L, 1)], [(False, True, False, False)])
seventhtest: ([(0, 1, 241770000000L, 2)], [(False, False, True, False)])
eigthtest: ([(0, 1, 273280000000L, 3)], [(False, False, False, True)])
--------------------------------------------------------------------------------
0: 68.0 ['firsttest', 'fifthtest']
1: 67.0 ['thirdtest', 'sixthtest']
2: 68.0 ['secondtest', 'seventhtest']
3: 68.0 ['fourthtest', 'eigthtest']
--------------------------------------------------------------------------------
firsttest: ([(0, 1, 320930000000L, 0)], [(True, False, False, False)])
secondtest: ([(0, 1, 377180000000L, 2)], [(False, False, True, False)])
thirdtest: ([(0, 1, 375380000000L, 1)], [(False, True, False, False)])
fourthtest: ([(0, 1, 377020000000L, 3)], [(False, False, False, True)])
fifthtest: ([(0, 1, 336220000000L, 0)], [(True, False, False, False)])
sixthtest: ([(0, 1, 243530000000L, 1)], [(False, True, False, False)])
seventhtest: ([(0, 1, 241990000000L, 2)], [(False, False, True, False)])
eigthtest: ([(0, 1, 273500000000L, 3)], [(False, False, False, True)])
--------------------------------------------------------------------------------
0: 69.0 ['firsttest', 'fifthtest']
1: 68.0 ['thirdtest', 'sixthtest']
2: 70.0 ['secondtest', 'seventhtest']
3: 70.0 ['fourthtest', 'eigthtest']
--------------------------------------------------------------------------------
firsttest: ([(0, 1, 321390000000L, 0)], [(True, False, False, False)])
secondtest: ([(0, 1, 377640000000L, 2)], [(False, False, True, False)])
thirdtest: ([(0, 1, 375860000000L, 1)], [(False, True, False, False)])
fourthtest: ([(0, 1, 377500000000L, 3)], [(False, False, False, True)])
fifthtest: ([(0, 1, 336430000000L, 0)], [(True, False, False, False)])
sixthtest: ([(0, 1, 243750000000L, 1)], [(False, True, False, False)])
seventhtest: ([(0, 1, 242210000000L, 2)], [(False, False, True, False)])
eigthtest: ([(0, 1, 273730000000L, 3)], [(False, False, False, True)])
--------------------------------------------------------------------------------
0: 67.0 ['firsttest', 'fifthtest']
1: 70.0 ['thirdtest', 'sixthtest']
2: 68.0 ['secondtest', 'seventhtest']
3: 71.0 ['fourthtest', 'eigthtest']
--------------------------------------------------------------------------------
firsttest: ([(0, 1, 321860000000L, 0)], [(True, False, False, False)])
secondtest: ([(0, 1, 378110000000L, 2)], [(False, False, True, False)])
thirdtest: ([(0, 1, 376320000000L, 1)], [(False, True, False, False)])
fourthtest: ([(0, 1, 377970000000L, 3)], [(False, False, False, True)])
fifthtest: ([(0, 1, 336640000000L, 0)], [(True, False, False, False)])
sixthtest: ([(0, 1, 243970000000L, 1)], [(False, True, False, False)])
seventhtest: ([(0, 1, 242420000000L, 2)], [(False, False, True, False)])
eigthtest: ([(0, 1, 273940000000L, 3)], [(False, False, False, True)])
--------------------------------------------------------------------------------
0: 68.0 ['firsttest', 'fifthtest']
1: 68.0 ['thirdtest', 'sixthtest']
2: 68.0 ['secondtest', 'seventhtest']
3: 68.0 ['fourthtest', 'eigthtest']
--------------------------------------------------------------------------------
firsttest: ([(0, 1, 322330000000L, 0)], [(True, False, False, False)])
secondtest: ([(0, 1, 378580000000L, 2)], [(False, False, True, False)])
thirdtest: ([(0, 1, 376770000000L, 1)], [(False, True, False, False)])
fourthtest: ([(0, 1, 378430000000L, 3)], [(False, False, False, True)])
fifthtest: ([(0, 1, 336850000000L, 0)], [(True, False, False, False)])
sixthtest: ([(0, 1, 244170000000L, 1)], [(False, True, False, False)])
seventhtest: ([(0, 1, 242640000000L, 2)], [(False, False, True, False)])
eigthtest: ([(0, 1, 274150000000L, 3)], [(False, False, False, True)])
--------------------------------------------------------------------------------
0: 68.0 ['firsttest', 'fifthtest']
1: 65.0 ['thirdtest', 'sixthtest']
2: 69.0 ['secondtest', 'seventhtest']
3: 67.0 ['fourthtest', 'eigthtest']
--------------------------------------------------------------------------------
firsttest: ([(0, 1, 322800000000L, 0)], [(True, False, False, False)])
secondtest: ([(0, 1, 379070000000L, 2)], [(False, False, True, False)])
thirdtest: ([(0, 1, 377240000000L, 1)], [(False, True, False, False)])
fourthtest: ([(0, 1, 378910000000L, 3)], [(False, False, False, True)])
fifthtest: ([(0, 1, 337080000000L, 0)], [(True, False, False, False)])
sixthtest: ([(0, 1, 244380000000L, 1)], [(False, True, False, False)])
seventhtest: ([(0, 1, 242850000000L, 2)], [(False, False, True, False)])
eigthtest: ([(0, 1, 274360000000L, 3)], [(False, False, False, True)])
--------------------------------------------------------------------------------
0: 70.0 ['firsttest', 'fifthtest']
1: 68.0 ['thirdtest', 'sixthtest']
2: 70.0 ['secondtest', 'seventhtest']
3: 69.0 ['fourthtest', 'eigthtest']
--------------------------------------------------------------------------------
firsttest: ([(0, 1, 323270000000L, 0)], [(True, False, False, False)])
secondtest: ([(0, 1, 379550000000L, 2)], [(False, False, True, False)])
thirdtest: ([(0, 1, 377720000000L, 1)], [(False, True, False, False)])
fourthtest: ([(0, 1, 379400000000L, 3)], [(False, False, False, True)])
fifthtest: ([(0, 1, 337290000000L, 0)], [(True, False, False, False)])
sixthtest: ([(0, 1, 244600000000L, 1)], [(False, True, False, False)])
seventhtest: ([(0, 1, 243080000000L, 2)], [(False, False, True, False)])
eigthtest: ([(0, 1, 274590000000L, 3)], [(False, False, False, True)])
--------------------------------------------------------------------------------
0: 68.0 ['firsttest', 'fifthtest']
1: 70.0 ['thirdtest', 'sixthtest']
2: 71.0 ['secondtest', 'seventhtest']
3: 72.0 ['fourthtest', 'eigthtest']
--------------------------------------------------------------------------------
firsttest: ([(0, 1, 323730000000L, 0)], [(True, False, False, False)])
secondtest: ([(0, 1, 380010000000L, 2)], [(False, False, True, False)])
thirdtest: ([(0, 1, 378170000000L, 1)], [(False, True, False, False)])
fourthtest: ([(0, 1, 379860000000L, 3)], [(False, False, False, True)])
fifthtest: ([(0, 1, 337500000000L, 0)], [(True, False, False, False)])
sixthtest: ([(0, 1, 244810000000L, 1)], [(False, True, False, False)])
seventhtest: ([(0, 1, 243290000000L, 2)], [(False, False, True, False)])
eigthtest: ([(0, 1, 274800000000L, 3)], [(False, False, False, True)])
--------------------------------------------------------------------------------
0: 67.0 ['firsttest', 'fifthtest']
1: 66.0 ['thirdtest', 'sixthtest']
2: 67.0 ['secondtest', 'seventhtest']
3: 67.0 ['fourthtest', 'eigthtest']
--------------------------------------------------------------------------------
firsttest: ([(0, 1, 324190000000L, 0)], [(True, False, False, False)])
secondtest: ([(0, 1, 380470000000L, 2)], [(False, False, True, False)])
thirdtest: ([(0, 1, 378640000000L, 1)], [(False, True, False, False)])
fourthtest: ([(0, 1, 380330000000L, 3)], [(False, False, False, True)])
fifthtest: ([(0, 1, 337700000000L, 0)], [(True, False, False, False)])
sixthtest: ([(0, 1, 245020000000L, 1)], [(False, True, False, False)])
seventhtest: ([(0, 1, 243500000000L, 2)], [(False, False, True, False)])
eigthtest: ([(0, 1, 275000000000L, 3)], [(False, False, False, True)])
--------------------------------------------------------------------------------
0: 66.0 ['firsttest', 'fifthtest']
1: 68.0 ['thirdtest', 'sixthtest']
2: 67.0 ['secondtest', 'seventhtest']
3: 67.0 ['fourthtest', 'eigthtest']
--------------------------------------------------------------------------------
firsttest: ([(0, 1, 324690000000L, 0)], [(True, False, False, False)])
secondtest: ([(0, 1, 380960000000L, 2)], [(False, False, True, False)])
thirdtest: ([(0, 1, 379120000000L, 1)], [(False, True, False, False)])
fourthtest: ([(0, 1, 380830000000L, 3)], [(False, False, False, True)])
fifthtest: ([(0, 1, 337940000000L, 0)], [(True, False, False, False)])
sixthtest: ([(0, 1, 245240000000L, 1)], [(False, True, False, False)])
seventhtest: ([(0, 1, 243740000000L, 2)], [(False, False, True, False)])
eigthtest: ([(0, 1, 275240000000L, 3)], [(False, False, False, True)])
--------------------------------------------------------------------------------
0: 74.0 ['firsttest', 'fifthtest']
1: 70.0 ['thirdtest', 'sixthtest']
2: 73.0 ['secondtest', 'seventhtest']
3: 74.0 ['fourthtest', 'eigthtest']
--------------------------------------------------------------------------------
firsttest: ([(0, 1, 325170000000L, 0)], [(True, False, False, False)])
secondtest: ([(0, 1, 381450000000L, 2)], [(False, False, True, False)])
thirdtest: ([(0, 1, 379590000000L, 1)], [(False, True, False, False)])
fourthtest: ([(0, 1, 381300000000L, 3)], [(False, False, False, True)])
fifthtest: ([(0, 1, 338160000000L, 0)], [(True, False, False, False)])
sixthtest: ([(0, 1, 245460000000L, 1)], [(False, True, False, False)])
seventhtest: ([(0, 1, 243960000000L, 2)], [(False, False, True, False)])
eigthtest: ([(0, 1, 275460000000L, 3)], [(False, False, False, True)])
--------------------------------------------------------------------------------
0: 70.0 ['firsttest', 'fifthtest']
1: 69.0 ['thirdtest', 'sixthtest']
2: 71.0 ['secondtest', 'seventhtest']
3: 69.0 ['fourthtest', 'eigthtest']
--------------------------------------------------------------------------------
firsttest: ([(0, 1, 325640000000L, 0)], [(True, False, False, False)])
secondtest: ([(0, 1, 381930000000L, 2)], [(False, False, True, False)])
thirdtest: ([(0, 1, 380050000000L, 1)], [(False, True, False, False)])
fourthtest: ([(0, 1, 381790000000L, 3)], [(False, False, False, True)])
fifthtest: ([(0, 1, 338380000000L, 0)], [(True, False, False, False)])
sixthtest: ([(0, 1, 245680000000L, 1)], [(False, True, False, False)])
seventhtest: ([(0, 1, 244190000000L, 2)], [(False, False, True, False)])
eigthtest: ([(0, 1, 275680000000L, 3)], [(False, False, False, True)])
--------------------------------------------------------------------------------
0: 69.0 ['firsttest', 'fifthtest']
1: 68.0 ['thirdtest', 'sixthtest']
2: 71.0 ['secondtest', 'seventhtest']
3: 71.0 ['fourthtest', 'eigthtest']
--------------------------------------------------------------------------------
firsttest: ([(0, 1, 326120000000L, 0)], [(True, False, False, False)])
secondtest: ([(0, 1, 382410000000L, 2)], [(False, False, True, False)])
thirdtest: ([(0, 1, 380520000000L, 1)], [(False, True, False, False)])
fourthtest: ([(0, 1, 382260000000L, 3)], [(False, False, False, True)])
fifthtest: ([(0, 1, 338610000000L, 0)], [(True, False, False, False)])
sixthtest: ([(0, 1, 245890000000L, 1)], [(False, True, False, False)])
seventhtest: ([(0, 1, 244410000000L, 2)], [(False, False, True, False)])
eigthtest: ([(0, 1, 275900000000L, 3)], [(False, False, False, True)])
--------------------------------------------------------------------------------
0: 71.0 ['firsttest', 'fifthtest']
1: 68.0 ['thirdtest', 'sixthtest']
2: 70.0 ['secondtest', 'seventhtest']
3: 69.0 ['fourthtest', 'eigthtest']
--------------------------------------------------------------------------------
firsttest: ([(0, 1, 326610000000L, 0)], [(True, False, False, False)])
secondtest: ([(0, 1, 382900000000L, 2)], [(False, False, True, False)])
thirdtest: ([(0, 1, 380990000000L, 1)], [(False, True, False, False)])
fourthtest: ([(0, 1, 382740000000L, 3)], [(False, False, False, True)])
fifthtest: ([(0, 1, 338830000000L, 0)], [(True, False, False, False)])
sixthtest: ([(0, 1, 246100000000L, 1)], [(False, True, False, False)])
seventhtest: ([(0, 1, 244630000000L, 2)], [(False, False, True, False)])
eigthtest: ([(0, 1, 276120000000L, 3)], [(False, False, False, True)])
--------------------------------------------------------------------------------
0: 71.0 ['firsttest', 'fifthtest']
1: 68.0 ['thirdtest', 'sixthtest']
2: 71.0 ['secondtest', 'seventhtest']
3: 70.0 ['fourthtest', 'eigthtest']
--------------------------------------------------------------------------------
firsttest: ([(0, 1, 327090000000L, 0)], [(True, False, False, False)])
secondtest: ([(0, 1, 383390000000L, 2)], [(False, False, True, False)])
thirdtest: ([(0, 1, 381470000000L, 1)], [(False, True, False, False)])
fourthtest: ([(0, 1, 383230000000L, 3)], [(False, False, False, True)])
fifthtest: ([(0, 1, 339050000000L, 0)], [(True, False, False, False)])
sixthtest: ([(0, 1, 246330000000L, 1)], [(False, True, False, False)])
seventhtest: ([(0, 1, 244860000000L, 2)], [(False, False, True, False)])
eigthtest: ([(0, 1, 276350000000L, 3)], [(False, False, False, True)])
--------------------------------------------------------------------------------
0: 70.0 ['firsttest', 'fifthtest']
1: 71.0 ['thirdtest', 'sixthtest']
2: 72.0 ['secondtest', 'seventhtest']
3: 72.0 ['fourthtest', 'eigthtest']
--------------------------------------------------------------------------------
firsttest: ([(0, 1, 327600000000L, 0)], [(True, False, False, False)])
secondtest: ([(0, 1, 383890000000L, 2)], [(False, False, True, False)])
thirdtest: ([(0, 1, 381960000000L, 1)], [(False, True, False, False)])
fourthtest: ([(0, 1, 383720000000L, 3)], [(False, False, False, True)])
fifthtest: ([(0, 1, 339290000000L, 0)], [(True, False, False, False)])
sixthtest: ([(0, 1, 246560000000L, 1)], [(False, True, False, False)])
seventhtest: ([(0, 1, 245100000000L, 2)], [(False, False, True, False)])
eigthtest: ([(0, 1, 276590000000L, 3)], [(False, False, False, True)])
--------------------------------------------------------------------------------
0: 75.0 ['firsttest', 'fifthtest']
1: 72.0 ['thirdtest', 'sixthtest']
2: 74.0 ['secondtest', 'seventhtest']
3: 73.0 ['fourthtest', 'eigthtest']
--------------------------------------------------------------------------------
firsttest: ([(0, 1, 328090000000L, 0)], [(True, False, False, False)])
secondtest: ([(0, 1, 384380000000L, 2)], [(False, False, True, False)])
thirdtest: ([(0, 1, 382430000000L, 1)], [(False, True, False, False)])
fourthtest: ([(0, 1, 384200000000L, 3)], [(False, False, False, True)])
fifthtest: ([(0, 1, 339520000000L, 0)], [(True, False, False, False)])
sixthtest: ([(0, 1, 246780000000L, 1)], [(False, True, False, False)])
seventhtest: ([(0, 1, 245340000000L, 2)], [(False, False, True, False)])
eigthtest: ([(0, 1, 276810000000L, 3)], [(False, False, False, True)])
--------------------------------------------------------------------------------
0: 72.0 ['firsttest', 'fifthtest']
1: 69.0 ['thirdtest', 'sixthtest']
2: 73.0 ['secondtest', 'seventhtest']
3: 70.0 ['fourthtest', 'eigthtest']
--------------------------------------------------------------------------------
firsttest: ([(0, 1, 328570000000L, 0)], [(True, False, False, False)])
secondtest: ([(0, 1, 384870000000L, 2)], [(False, False, True, False)])
thirdtest: ([(0, 1, 382890000000L, 1)], [(False, True, False, False)])
fourthtest: ([(0, 1, 384670000000L, 3)], [(False, False, False, True)])
fifthtest: ([(0, 1, 339750000000L, 0)], [(True, False, False, False)])
sixthtest: ([(0, 1, 247010000000L, 1)], [(False, True, False, False)])
seventhtest: ([(0, 1, 245560000000L, 2)], [(False, False, True, False)])
eigthtest: ([(0, 1, 277030000000L, 3)], [(False, False, False, True)])
--------------------------------------------------------------------------------
0: 71.0 ['firsttest', 'fifthtest']
1: 69.0 ['thirdtest', 'sixthtest']
2: 71.0 ['secondtest', 'seventhtest']
3: 69.0 ['fourthtest', 'eig