Script started on 2018-09-28 15:40:36-0700
]0;sonia@ubuntu: ~/Downloads/cs6210Project1_test-master/test/cpu[01;32msonia@ubuntu[00m:[01;34m~/Downloads/cs6210Project1_test-master/test/cpu[00m$ ./monitor.py 
firsttest: ([(0, 1, 315550000000L, 3)], [(False, False, False, True)])
secondtest: ([(0, 1, 371750000000L, 3)], [(False, False, False, True)])
thirdtest: ([(0, 1, 370070000000L, 0)], [(True, False, False, False)])
fourthtest: ([(0, 1, 371640000000L, 1)], [(False, True, False, False)])
fifthtest: ([(0, 1, 333610000000L, 2)], [(False, False, True, False)])
sixthtest: ([(0, 1, 240960000000L, 2)], [(False, False, True, False)])
seventhtest: ([(0, 1, 239370000000L, 1)], [(False, True, False, False)])
eigthtest: ([(0, 1, 270880000000L, 0)], [(True, False, False, False)])
--------------------------------------------------------------------------------
0: 0.0 []
1: 0.0 []
2: 0.0 []
3: 0.0 []
--------------------------------------------------------------------------------
firsttest: ([(0, 1, 315560000000L, 3)], [(False, False, False, True)])
secondtest: ([(0, 1, 371750000000L, 3)], [(False, False, False, True)])
thirdtest: ([(0, 1, 370080000000L, 0)], [(True, False, False, False)])
fourthtest: ([(0, 1, 371640000000L, 1)], [(False, True, False, False)])
fifthtest: ([(0, 1, 333610000000L, 2)], [(False, False, True, False)])
sixthtest: ([(0, 1, 240970000000L, 2)], [(False, False, True, False)])
seventhtest: ([(0, 1, 239370000000L, 1)], [(False, True, False, False)])
eigthtest: ([(0, 1, 270880000000L, 0)], [(True, False, False, False)])
--------------------------------------------------------------------------------
0: 1.0 ['thirdtest', 'eigthtest']
1: 0.0 ['fourthtest', 'seventhtest']
2: 1.0 ['fifthtest', 'sixthtest']
3: 1.0 ['firsttest', 'secondtest']
--------------------------------------------------------------------------------
firsttest: ([(0, 1, 315560000000L, 3)], [(True, True, True, True)])
secondtest: ([(0, 1, 371750000000L, 3)], [(True, True, True, True)])
thirdtest: ([(0, 1, 370080000000L, 0)], [(True, True, True, True)])
fourthtest: ([(0, 1, 371650000000L, 1)], [(True, True, True, True)])
fifthtest: ([(0, 1, 333620000000L, 2)], [(True, True, True, True)])
sixthtest: ([(0, 1, 240970000000L, 2)], [(True, True, True, True)])
seventhtest: ([(0, 1, 239380000000L, 1)], [(True, True, True, True)])
eigthtest: ([(0, 1, 270880000000L, 0)], [(True, True, True, True)])
--------------------------------------------------------------------------------
0: 0.0 ['thirdtest', 'eigthtest']
1: 2.0 ['fourthtest', 'seventhtest']
2: 1.0 ['fifthtest', 'sixthtest']
3: 0.0 ['firsttest', 'secondtest']
--------------------------------------------------------------------------------
firsttest: ([(0, 1, 315560000000L, 3)], [(True, True, True, True)])
secondtest: ([(0, 1, 371760000000L, 3)], [(True, True, True, True)])
thirdtest: ([(0, 1, 370090000000L, 0)], [(True, True, True, True)])
fourthtest: ([(0, 1, 371650000000L, 1)], [(True, True, True, True)])
fifthtest: ([(0, 1, 333620000000L, 2)], [(True, True, True, True)])
sixthtest: ([(0, 1, 240970000000L, 2)], [(True, True, True, True)])
seventhtest: ([(0, 1, 239380000000L, 1)], [(True, True, True, True)])
eigthtest: ([(0, 1, 270880000000L, 0)], [(True, True, True, True)])
--------------------------------------------------------------------------------
0: 1.0 ['thirdtest', 'eigthtest']
1: 0.0 ['fourthtest', 'seventhtest']
2: 0.0 ['fifthtest', 'sixthtest']
3: 1.0 ['firsttest', 'secondtest']
--------------------------------------------------------------------------------
firsttest: ([(0, 1, 315680000000L, 3)], [(True, True, True, True)])
secondtest: ([(0, 1, 371960000000L, 0)], [(True, True, True, True)])
thirdtest: ([(0, 1, 370190000000L, 1)], [(True, True, True, True)])
fourthtest: ([(0, 1, 371780000000L, 3)], [(True, True, True, True)])
fifthtest: ([(0, 1, 333740000000L, 0)], [(True, True, True, True)])
sixthtest: ([(0, 1, 241100000000L, 1)], [(True, True, True, True)])
seventhtest: ([(0, 1, 239520000000L, 3)], [(True, True, True, True)])
eigthtest: ([(0, 1, 271030000000L, 2)], [(True, True, True, True)])
--------------------------------------------------------------------------------
0: 32.0 ['secondtest', 'fifthtest']
1: 23.0 ['thirdtest', 'sixthtest']
2: 15.0 ['eigthtest']
3: 39.0 ['firsttest', 'fourthtest', 'seventhtest']
--------------------------------------------------------------------------------
firsttest: ([(0, 1, 316150000000L, 0)], [(True, True, True, True)])
secondtest: ([(0, 1, 372400000000L, 3)], [(True, True, True, True)])
thirdtest: ([(0, 1, 370630000000L, 2)], [(True, True, True, True)])
fourthtest: ([(0, 1, 372200000000L, 1)], [(True, True, True, True)])
fifthtest: ([(0, 1, 333980000000L, 0)], [(True, True, True, True)])
sixthtest: ([(0, 1, 241310000000L, 1)], [(True, True, True, True)])
seventhtest: ([(0, 1, 239730000000L, 2)], [(True, True, True, True)])
eigthtest: ([(0, 1, 271250000000L, 3)], [(True, True, True, True)])
--------------------------------------------------------------------------------
0: 71.0 ['firsttest', 'fifthtest']
1: 63.0 ['fourthtest', 'sixthtest']
2: 65.0 ['thirdtest', 'seventhtest']
3: 66.0 ['secondtest', 'eigthtest']
--------------------------------------------------------------------------------
firsttest: ([(0, 1, 316620000000L, 0)], [(True, True, True, True)])
secondtest: ([(0, 1, 372870000000L, 2)], [(True, True, True, True)])
thirdtest: ([(0, 1, 371110000000L, 1)], [(True, True, True, True)])
fourthtest: ([(0, 1, 372670000000L, 3)], [(True, True, True, True)])
fifthtest: ([(0, 1, 334200000000L, 0)], [(True, True, True, True)])
sixthtest: ([(0, 1, 241540000000L, 1)], [(True, True, True, True)])
seventhtest: ([(0, 1, 239960000000L, 2)], [(True, True, True, True)])
eigthtest: ([(0, 1, 271480000000L, 3)], [(True, True, True, True)])
--------------------------------------------------------------------------------
0: 69.0 ['firsttest', 'fifthtest']
1: 71.0 ['thirdtest', 'sixthtest']
2: 70.0 ['secondtest', 'seventhtest']
3: 70.0 ['fourthtest', 'eigthtest']
--------------------------------------------------------------------------------
firsttest: ([(0, 1, 317100000000L, 0)], [(True, False, False, False)])
secondtest: ([(0, 1, 373330000000L, 2)], [(False, False, True, False)])
thirdtest: ([(0, 1, 371580000000L, 1)], [(False, True, False, False)])
fourthtest: ([(0, 1, 373150000000L, 3)], [(False, False, False, True)])
fifthtest: ([(0, 1, 334440000000L, 0)], [(True, False, False, False)])
sixthtest: ([(0, 1, 241770000000L, 1)], [(False, True, False, False)])
seventhtest: ([(0, 1, 240190000000L, 2)], [(False, False, True, False)])
eigthtest: ([(0, 1, 271720000000L, 3)], [(False, False, False, True)])
--------------------------------------------------------------------------------
0: 72.0 ['firsttest', 'fifthtest']
1: 70.0 ['thirdtest', 'sixthtest']
2: 69.0 ['secondtest', 'seventhtest']
3: 72.0 ['fourthtest', 'eigthtest']
--------------------------------------------------------------------------------
firsttest: ([(0, 1, 317580000000L, 0)], [(True, False, False, False)])
secondtest: ([(0, 1, 373810000000L, 2)], [(False, False, True, False)])
thirdtest: ([(0, 1, 372060000000L, 1)], [(False, True, False, False)])
fourthtest: ([(0, 1, 373630000000L, 3)], [(False, False, False, True)])
fifthtest: ([(0, 1, 334650000000L, 0)], [(True, False, False, False)])
sixthtest: ([(0, 1, 241990000000L, 1)], [(False, True, False, False)])
seventhtest: ([(0, 1, 240410000000L, 2)], [(False, False, True, False)])
eigthtest: ([(0, 1, 271940000000L, 3)], [(False, False, False, True)])
--------------------------------------------------------------------------------
0: 69.0 ['firsttest', 'fifthtest']
1: 70.0 ['thirdtest', 'sixthtest']
2: 70.0 ['secondtest', 'seventhtest']
3: 70.0 ['fourthtest', 'eigthtest']
--------------------------------------------------------------------------------
firsttest: ([(0, 1, 318070000000L, 0)], [(True, False, False, False)])
secondtest: ([(0, 1, 374300000000L, 2)], [(False, False, True, False)])
thirdtest: ([(0, 1, 372550000000L, 1)], [(False, True, False, False)])
fourthtest: ([(0, 1, 374130000000L, 3)], [(False, False, False, True)])
fifthtest: ([(0, 1, 334890000000L, 0)], [(True, False, False, False)])
sixthtest: ([(0, 1, 242220000000L, 1)], [(False, True, False, False)])
seventhtest: ([(0, 1, 240650000000L, 2)], [(False, False, True, False)])
eigthtest: ([(0, 1, 272170000000L, 3)], [(False, False, False, True)])
--------------------------------------------------------------------------------
0: 73.0 ['firsttest', 'fifthtest']
1: 72.0 ['thirdtest', 'sixthtest']
2: 73.0 ['secondtest', 'seventhtest']
3: 73.0 ['fourthtest', 'eigthtest']
--------------------------------------------------------------------------------
firsttest: ([(0, 1, 318550000000L, 0)], [(True, False, False, False)])
secondtest: ([(0, 1, 374790000000L, 2)], [(False, False, True, False)])
thirdtest: ([(0, 1, 373020000000L, 1)], [(False, True, False, False)])
fourthtest: ([(0, 1, 374630000000L, 3)], [(False, False, False, True)])
fifthtest: ([(0, 1, 335130000000L, 0)], [(True, False, False, False)])
sixthtest: ([(0, 1, 242450000000L, 1)], [(False, True, False, False)])
seventhtest: ([(0, 1, 240890000000L, 2)], [(False, False, True, False)])
eigthtest: ([(0, 1, 272410000000L, 3)], [(False, False, False, True)])
--------------------------------------------------------------------------------
0: 72.0 ['firsttest', 'fifthtest']
1: 70.0 ['thirdtest', 'sixthtest']
2: 73.0 ['secondtest', 'seventhtest']
3: 74.0 ['fourthtest', 'eigthtest']
--------------------------------------------------------------------------------
firsttest: ([(0, 1, 319020000000L, 0)], [(True, False, False, False)])
secondtest: ([(0, 1, 375260000000L, 2)], [(False, False, True, False)])
thirdtest: ([(0, 1, 373490000000L, 1)], [(False, True, False, False)])
fourthtest: ([(0, 1, 375090000000L, 3)], [(False, False, False, True)])
fifthtest: ([(0, 1, 335340000000L, 0)], [(True, False, False, False)])
sixthtest: ([(0, 1, 242670000000L, 1)], [(False, True, False, False)])
seventhtest: ([(0, 1, 241110000000L, 2)], [(False, False, True, False)])
eigthtest: ([(0, 1, 272620000000L, 3)], [(False, False, False, True)])
--------------------------------------------------------------------------------
0: 68.0 ['firsttest', 'fifthtest']
1: 69.0 ['thirdtest', 'sixthtest']
2: 69.0 ['secondtest', 'seventhtest']
3: 67.0 ['fourthtest', 'eigthtest']
--------------------------------------------------------------------------------
firsttest: ([(0, 1, 319500000000L, 0)], [(True, False, False, False)])
secondtest: ([(0, 1, 375740000000L, 2)], [(False, False, True, False)])
thirdtest: ([(0, 1, 373960000000L, 1)], [(False, True, False, False)])
fourthtest: ([(0, 1, 375580000000L, 3)], [(False, False, False, True)])
fifthtest: ([(0, 1, 335560000000L, 0)], [(True, False, False, False)])
sixthtest: ([(0, 1, 242880000000L, 1)], [(False, True, False, False)])
seventhtest: ([(0, 1, 241320000000L, 2)], [(False, False, True, False)])
eigthtest: ([(0, 1, 272840000000L, 3)], [(False, False, False, True)])
--------------------------------------------------------------------------------
0: 70.0 ['firsttest', 'fifthtest']
1: 68.0 ['thirdtest', 'sixthtest']
2: 69.0 ['secondtest', 'seventhtest']
3: 71.0 ['fourthtest', 'eigthtest']
--------------------------------------------------------------------------------
firsttest: ([(0, 1, 319990000000L, 0)], [(True, False, False, False)])
secondtest: ([(0, 1, 376240000000L, 2)], [(False, False, True, False)])
thirdtest: ([(0, 1, 374450000000L, 1)], [(False, True, False, False)])
fourthtest: ([(0, 1, 376070000000L, 3)], [(False, False, False, True)])
fifthtest: ([(0, 1, 335790000000L, 0)], [(True, False, False, False)])
sixthtest: ([(0, 1, 243110000000L, 1)], [(False, True, False, False)])
seventhtest: ([(0, 1, 241550000000L, 2)], [(False, False, True, False)])
eigthtest: ([(0, 1, 273070000000L, 3)], [(False, False, False, True)])
--------------------------------------------------------------------------------
0: 72.0 ['firsttest', 'fifthtest']
1: 72.0 ['thirdtest', 'sixthtest']
2: 73.0 ['secondtest', 'seventhtest']
3: 72.0 ['fourthtest', 'eigthtest']
--------------------------------------------------------------------------------
firsttest: ([(0, 1, 320460000000L, 0)], [(True, False, False, False)])
secondtest: ([(0, 1, 376700000000L, 2)], [(False, False, True, False)])
thirdtest: ([(0, 1, 374910000000L, 1)], [(False, True, False, False)])
fourthtest: ([(0, 1, 376540000000L, 3)], [(False, False, False, True)])
fifthtest: ([(0, 1, 336000000000L, 0)], [(True, False, False, False)])
sixthtest: ([(0, 1, 243320000000L, 1)], [(False, True, False, False)])
seventhtest: ([(0, 1, 241770000000L, 2)], [(False, False, True, False)])
eigthtest: ([(0, 1, 273280000000L, 3)], [(False, False, False, True)])
--------------------------------------------------------------------------------
0: 68.0 ['firsttest', 'fifthtest']
1: 67.0 ['thirdtest', 'sixthtest']
2: 68.0 ['secondtest', 'seventhtest']
3: 68.0 ['fourthtest', 'eigthtest']
--------------------------------------------------------------------------------
firsttest: ([(0, 1, 320930000000L, 0)], [(True, False, False, False)])
secondtest: ([(0, 1, 377180000000L, 2)], [(False, False, True, False)])
thirdtest: ([(0, 1, 375380000000L, 1)], [(False, True, False, False)])
fourthtest: ([(0, 1, 377020000000L, 3)], [(False, False, False, True)])
fifthtest: ([(0, 1, 336220000000L, 0)], [(True, False, False, False)])
sixthtest: ([(0, 1, 243530000000L, 1)], [(False, True, False, False)])
seventhtest: ([(0, 1, 241990000000L, 2)], [(False, False, True, False)])
eigthtest: ([(0, 1, 273500000000L, 3)], [(False, False, False, True)])
--------------------------------------------------------------------------------
0: 69.0 ['firsttest', 'fifthtest']
1: 68.0 ['thirdtest', 'sixthtest']
2: 70.0 ['secondtest', 'seventhtest']
3: 70.0 ['fourthtest', 'eigthtest']
--------------------------------------------------------------------------------
firsttest: ([(0, 1, 321390000000L, 0)], [(True, False, False, False)])
secondtest: ([(0, 1, 377640000000L, 2)], [(False, False, True, False)])
thirdtest: ([(0, 1, 375860000000L, 1)], [(False, True, False, False)])
fourthtest: ([(0, 1, 377500000000L, 3)], [(False, False, False, True)])
fifthtest: ([(0, 1, 336430000000L, 0)], [(True, False, False, False)])
sixthtest: ([(0, 1, 243750000000L, 1)], [(False, True, False, False)])
seventhtest: ([(0, 1, 242210000000L, 2)], [(False, False, True, False)])
eigthtest: ([(0, 1, 273730000000L, 3)], [(False, False, False, True)])
--------------------------------------------------------------------------------
0: 67.0 ['firsttest', 'fifthtest']
1: 70.0 ['thirdtest', 'sixthtest']
2: 68.0 ['secondtest', 'seventhtest']
3: 71.0 ['fourthtest', 'eigthtest']
--------------------------------------------------------------------------------
firsttest: ([(0, 1, 321860000000L, 0)], [(True, False, False, False)])
secondtest: ([(0, 1, 378110000000L, 2)], [(False, False, True, False)])
thirdtest: ([(0, 1, 376320000000L, 1)], [(False, True, False, False)])
fourthtest: ([(0, 1, 377970000000L, 3)], [(False, False, False, True)])
fifthtest: ([(0, 1, 336640000000L, 0)], [(True, False, False, False)])
sixthtest: ([(0, 1, 243970000000L, 1)], [(False, True, False, False)])
seventhtest: ([(0, 1, 242420000000L, 2)], [(False, False, True, False)])
eigthtest: ([(0, 1, 273940000000L, 3)], [(False, False, False, True)])
--------------------------------------------------------------------------------
0: 68.0 ['firsttest', 'fifthtest']
1: 68.0 ['thirdtest', 'sixthtest']
2: 68.0 ['secondtest', 'seventhtest']
3: 68.0 ['fourthtest', 'eigthtest']
--------------------------------------------------------------------------------
firsttest: ([(0, 1, 322330000000L, 0)], [(True, False, False, False)])
secondtest: ([(0, 1, 378580000000L, 2)], [(False, False, True, False)])
thirdtest: ([(0, 1, 376770000000L, 1)], [(False, True, False, False)])
fourthtest: ([(0, 1, 378430000000L, 3)], [(False, False, False, True)])
fifthtest: ([(0, 1, 336850000000L, 0)], [(True, False, False, False)])
sixthtest: ([(0, 1, 244170000000L, 1)], [(False, True, False, False)])
seventhtest: ([(0, 1, 242640000000L, 2)], [(False, False, True, False)])
eigthtest: ([(0, 1, 274150000000L, 3)], [(False, False, False, True)])
--------------------------------------------------------------------------------
0: 68.0 ['firsttest', 'fifthtest']
1: 65.0 ['thirdtest', 'sixthtest']
2: 69.0 ['secondtest', 'seventhtest']
3: 67.0 ['fourthtest', 'eigthtest']
--------------------------------------------------------------------------------
firsttest: ([(0, 1, 322800000000L, 0)], [(True, False, False, False)])
secondtest: ([(0, 1, 379070000000L, 2)], [(False, False, True, False)])
thirdtest: ([(0, 1, 377240000000L, 1)], [(False, True, False, False)])
fourthtest: ([(0, 1, 378910000000L, 3)], [(False, False, False, True)])
fifthtest: ([(0, 1, 337080000000L, 0)], [(True, False, False, False)])
sixthtest: ([(0, 1, 244380000000L, 1)], [(False, True, False, False)])
seventhtest: ([(0, 1, 242850000000L, 2)], [(False, False, True, False)])
eigthtest: ([(0, 1, 274360000000L, 3)], [(False, False, False, True)])
--------------------------------------------------------------------------------
0: 70.0 ['firsttest', 'fifthtest']
1: 68.0 ['thirdtest', 'sixthtest']
2: 70.0 ['secondtest', 'seventhtest']
3: 69.0 ['fourthtest', 'eigthtest']
--------------------------------------------------------------------------------
firsttest: ([(0, 1, 323270000000L, 0)], [(True, False, False, False)])
secondtest: ([(0, 1, 379550000000L, 2)], [(False, False, True, False)])
thirdtest: ([(0, 1, 377720000000L, 1)], [(False, True, False, False)])
fourthtest: ([(0, 1, 379400000000L, 3)], [(False, False, False, True)])
fifthtest: ([(0, 1, 337290000000L, 0)], [(True, False, False, False)])
sixthtest: ([(0, 1, 244600000000L, 1)], [(False, True, False, False)])
seventhtest: ([(0, 1, 243080000000L, 2)], [(False, False, True, False)])
eigthtest: ([(0, 1, 274590000000L, 3)], [(False, False, False, True)])
--------------------------------------------------------------------------------
0: 68.0 ['firsttest', 'fifthtest']
1: 70.0 ['thirdtest', 'sixthtest']
2: 71.0 ['secondtest', 'seventhtest']
3: 72.0 ['fourthtest', 'eigthtest']
--------------------------------------------------------------------------------
firsttest: ([(0, 1, 323730000000L, 0)], [(True, False, False, False)])
secondtest: ([(0, 1, 380010000000L, 2)], [(False, False, True, False)])
thirdtest: ([(0, 1, 378170000000L, 1)], [(False, True, False, False)])
fourthtest: ([(0, 1, 379860000000L, 3)], [(False, False, False, True)])
fifthtest: ([(0, 1, 337500000000L, 0)], [(True, False, False, False)])
sixthtest: ([(0, 1, 244810000000L, 1)], [(False, True, False, False)])
seventhtest: ([(0, 1, 243290000000L, 2)], [(False, False, True, False)])
eigthtest: ([(0, 1, 274800000000L, 3)], [(False, False, False, True)])
--------------------------------------------------------------------------------
0: 67.0 ['firsttest', 'fifthtest']
1: 66.0 ['thirdtest', 'sixthtest']
2: 67.0 ['secondtest', 'seventhtest']
3: 67.0 ['fourthtest', 'eigthtest']
--------------------------------------------------------------------------------
firsttest: ([(0, 1, 324190000000L, 0)], [(True, False, False, False)])
secondtest: ([(0, 1, 380470000000L, 2)], [(False, False, True, False)])
thirdtest: ([(0, 1, 378640000000L, 1)], [(False, True, False, False)])
fourthtest: ([(0, 1, 380330000000L, 3)], [(False, False, False, True)])
fifthtest: ([(0, 1, 337700000000L, 0)], [(True, False, False, False)])
sixthtest: ([(0, 1, 245020000000L, 1)], [(False, True, False, False)])
seventhtest: ([(0, 1, 243500000000L, 2)], [(False, False, True, False)])
eigthtest: ([(0, 1, 275000000000L, 3)], [(False, False, False, True)])
--------------------------------------------------------------------------------
0: 66.0 ['firsttest', 'fifthtest']
1: 68.0 ['thirdtest', 'sixthtest']
2: 67.0 ['secondtest', 'seventhtest']
3: 67.0 ['fourthtest', 'eigthtest']
--------------------------------------------------------------------------------
firsttest: ([(0, 1, 324690000000L, 0)], [(True, False, False, False)])
secondtest: ([(0, 1, 380960000000L, 2)], [(False, False, True, False)])
thirdtest: ([(0, 1, 379120000000L, 1)], [(False, True, False, False)])
fourthtest: ([(0, 1, 380830000000L, 3)], [(False, False, False, True)])
fifthtest: ([(0, 1, 337940000000L, 0)], [(True, False, False, False)])
sixthtest: ([(0, 1, 245240000000L, 1)], [(False, True, False, False)])
seventhtest: ([(0, 1, 243740000000L, 2)], [(False, False, True, False)])
eigthtest: ([(0, 1, 275240000000L, 3)], [(False, False, False, True)])
--------------------------------------------------------------------------------
0: 74.0 ['firsttest', 'fifthtest']
1: 70.0 ['thirdtest', 'sixthtest']
2: 73.0 ['secondtest', 'seventhtest']
3: 74.0 ['fourthtest', 'eigthtest']
--------------------------------------------------------------------------------
firsttest: ([(0, 1, 325170000000L, 0)], [(True, False, False, False)])
secondtest: ([(0, 1, 381450000000L, 2)], [(False, False, True, False)])
thirdtest: ([(0, 1, 379590000000L, 1)], [(False, True, False, False)])
fourthtest: ([(0, 1, 381300000000L, 3)], [(False, False, False, True)])
fifthtest: ([(0, 1, 338160000000L, 0)], [(True, False, False, False)])
sixthtest: ([(0, 1, 245460000000L, 1)], [(False, True, False, False)])
seventhtest: ([(0, 1, 243960000000L, 2)], [(False, False, True, False)])
eigthtest: ([(0, 1, 275460000000L, 3)], [(False, False, False, True)])
--------------------------------------------------------------------------------
0: 70.0 ['firsttest', 'fifthtest']
1: 69.0 ['thirdtest', 'sixthtest']
2: 71.0 ['secondtest', 'seventhtest']
3: 69.0 ['fourthtest', 'eigthtest']
--------------------------------------------------------------------------------
firsttest: ([(0, 1, 325640000000L, 0)], [(True, False, False, False)])
secondtest: ([(0, 1, 381930000000L, 2)], [(False, False, True, False)])
thirdtest: ([(0, 1, 380050000000L, 1)], [(False, True, False, False)])
fourthtest: ([(0, 1, 381790000000L, 3)], [(False, False, False, True)])
fifthtest: ([(0, 1, 338380000000L, 0)], [(True, False, False, False)])
sixthtest: ([(0, 1, 245680000000L, 1)], [(False, True, False, False)])
seventhtest: ([(0, 1, 244190000000L, 2)], [(False, False, True, False)])
eigthtest: ([(0, 1, 275680000000L, 3)], [(False, False, False, True)])
--------------------------------------------------------------------------------
0: 69.0 ['firsttest', 'fifthtest']
1: 68.0 ['thirdtest', 'sixthtest']
2: 71.0 ['secondtest', 'seventhtest']
3: 71.0 ['fourthtest', 'eigthtest']
--------------------------------------------------------------------------------
firsttest: ([(0, 1, 326120000000L, 0)], [(True, False, False, False)])
secondtest: ([(0, 1, 382410000000L, 2)], [(False, False, True, False)])
thirdtest: ([(0, 1, 380520000000L, 1)], [(False, True, False, False)])
fourthtest: ([(0, 1, 382260000000L, 3)], [(False, False, False, True)])
fifthtest: ([(0, 1, 338610000000L, 0)], [(True, False, False, False)])
sixthtest: ([(0, 1, 245890000000L, 1)], [(False, True, False, False)])
seventhtest: ([(0, 1, 244410000000L, 2)], [(False, False, True, False)])
eigthtest: ([(0, 1, 275900000000L, 3)], [(False, False, False, True)])
--------------------------------------------------------------------------------
0: 71.0 ['firsttest', 'fifthtest']
1: 68.0 ['thirdtest', 'sixthtest']
2: 70.0 ['secondtest', 'seventhtest']
3: 69.0 ['fourthtest', 'eigthtest']
--------------------------------------------------------------------------------
firsttest: ([(0, 1, 326610000000L, 0)], [(True, False, False, False)])
secondtest: ([(0, 1, 382900000000L, 2)], [(False, False, True, False)])
thirdtest: ([(0, 1, 380990000000L, 1)], [(False, True, False, False)])
fourthtest: ([(0, 1, 382740000000L, 3)], [(False, False, False, True)])
fifthtest: ([(0, 1, 338830000000L, 0)], [(True, False, False, False)])
sixthtest: ([(0, 1, 246100000000L, 1)], [(False, True, False, False)])
seventhtest: ([(0, 1, 244630000000L, 2)], [(False, False, True, False)])
eigthtest: ([(0, 1, 276120000000L, 3)], [(False, False, False, True)])
--------------------------------------------------------------------------------
0: 71.0 ['firsttest', 'fifthtest']
1: 68.0 ['thirdtest', 'sixthtest']
2: 71.0 ['secondtest', 'seventhtest']
3: 70.0 ['fourthtest', 'eigthtest']
--------------------------------------------------------------------------------
firsttest: ([(0, 1, 327090000000L, 0)], [(True, False, False, False)])
secondtest: ([(0, 1, 383390000000L, 2)], [(False, False, True, False)])
thirdtest: ([(0, 1, 381470000000L, 1)], [(False, True, False, False)])
fourthtest: ([(0, 1, 383230000000L, 3)], [(False, False, False, True)])
fifthtest: ([(0, 1, 339050000000L, 0)], [(True, False, False, False)])
sixthtest: ([(0, 1, 246330000000L, 1)], [(False, True, False, False)])
seventhtest: ([(0, 1, 244860000000L, 2)], [(False, False, True, False)])
eigthtest: ([(0, 1, 276350000000L, 3)], [(False, False, False, True)])
--------------------------------------------------------------------------------
0: 70.0 ['firsttest', 'fifthtest']
1: 71.0 ['thirdtest', 'sixthtest']
2: 72.0 ['secondtest', 'seventhtest']
3: 72.0 ['fourthtest', 'eigthtest']
--------------------------------------------------------------------------------
firsttest: ([(0, 1, 327600000000L, 0)], [(True, False, False, False)])
secondtest: ([(0, 1, 383890000000L, 2)], [(False, False, True, False)])
thirdtest: ([(0, 1, 381960000000L, 1)], [(False, True, False, False)])
fourthtest: ([(0, 1, 383720000000L, 3)], [(False, False, False, True)])
fifthtest: ([(0, 1, 339290000000L, 0)], [(True, False, False, False)])
sixthtest: ([(0, 1, 246560000000L, 1)], [(False, True, False, False)])
seventhtest: ([(0, 1, 245100000000L, 2)], [(False, False, True, False)])
eigthtest: ([(0, 1, 276590000000L, 3)], [(False, False, False, True)])
--------------------------------------------------------------------------------
0: 75.0 ['firsttest', 'fifthtest']
1: 72.0 ['thirdtest', 'sixthtest']
2: 74.0 ['secondtest', 'seventhtest']
3: 73.0 ['fourthtest', 'eigthtest']
--------------------------------------------------------------------------------
firsttest: ([(0, 1, 328090000000L, 0)], [(True, False, False, False)])
secondtest: ([(0, 1, 384380000000L, 2)], [(False, False, True, False)])
thirdtest: ([(0, 1, 382430000000L, 1)], [(False, True, False, False)])
fourthtest: ([(0, 1, 384200000000L, 3)], [(False, False, False, True)])
fifthtest: ([(0, 1, 339520000000L, 0)], [(True, False, False, False)])
sixthtest: ([(0, 1, 246780000000L, 1)], [(False, True, False, False)])
seventhtest: ([(0, 1, 245340000000L, 2)], [(False, False, True, False)])
eigthtest: ([(0, 1, 276810000000L, 3)], [(False, False, False, True)])
--------------------------------------------------------------------------------
0: 72.0 ['firsttest', 'fifthtest']
1: 69.0 ['thirdtest', 'sixthtest']
2: 73.0 ['secondtest', 'seventhtest']
3: 70.0 ['fourthtest', 'eigthtest']
--------------------------------------------------------------------------------
firsttest: ([(0, 1, 328570000000L, 0)], [(True, False, False, False)])
secondtest: ([(0, 1, 384870000000L, 2)], [(False, False, True, False)])
thirdtest: ([(0, 1, 382890000000L, 1)], [(False, True, False, False)])
fourthtest: ([(0, 1, 384670000000L, 3)], [(False, False, False, True)])
fifthtest: ([(0, 1, 339750000000L, 0)], [(True, False, False, False)])
sixthtest: ([(0, 1, 247010000000L, 1)], [(False, True, False, False)])
seventhtest: ([(0, 1, 245560000000L, 2)], [(False, False, True, False)])
eigthtest: ([(0, 1, 277030000000L, 3)], [(False, False, False, True)])
--------------------------------------------------------------------------------
0: 71.0 ['firsttest', 'fifthtest']
1: 69.0 ['thirdtest', 'sixthtest']
2: 71.0 ['secondtest', 'seventhtest']
3: 69.0 ['fourthtest', 'eigthtest']
--------------------------------------------------------------------------------
firsttest: ([(0, 1, 329060000000L, 0)], [(True, False, False, False)])
secondtest: ([(0, 1, 385360000000L, 2)], [(False, False, True, False)])
thirdte