Script started on 2018-09-28 16:52:06-0700
]0;sonia@ubuntu: ~/Downloads/cs6210Project1_test-master/test/cpu[01;32msonia@ubuntu[00m:[01;34m~/Downloads/cs6210Project1_test-master/test/cpu[00m$ ./monitor.py 
firsttest: ([(0, 1, 29410000000L, 3)], [(True, True, True, True)])
secondtest: ([(0, 1, 29870000000L, 1)], [(True, True, True, True)])
thirdtest: ([(0, 1, 29520000000L, 3)], [(True, True, True, True)])
fourthtest: ([(0, 1, 29500000000L, 0)], [(True, True, True, True)])
fifthtest: ([(0, 1, 29010000000L, 2)], [(True, True, True, True)])
sixthtest: ([(0, 1, 30320000000L, 2)], [(True, True, True, True)])
seventhtest: ([(0, 1, 30670000000L, 0)], [(True, True, True, True)])
eigthtest: ([(0, 1, 30310000000L, 1)], [(True, True, True, True)])
--------------------------------------------------------------------------------
0: 0.0 []
1: 0.0 []
2: 0.0 []
3: 0.0 []
--------------------------------------------------------------------------------
firsttest: ([(0, 1, 29420000000L, 3)], [(True, False, False, False)])
secondtest: ([(0, 1, 29870000000L, 1)], [(True, False, False, False)])
thirdtest: ([(0, 1, 29520000000L, 0)], [(True, False, False, False)])
fourthtest: ([(0, 1, 29500000000L, 0)], [(True, False, False, False)])
fifthtest: ([(0, 1, 29010000000L, 0)], [(True, False, False, False)])
sixthtest: ([(0, 1, 30330000000L, 0)], [(True, False, False, False)])
seventhtest: ([(0, 1, 30680000000L, 0)], [(True, False, False, False)])
eigthtest: ([(0, 1, 30310000000L, 0)], [(True, False, False, False)])
--------------------------------------------------------------------------------
0: 2.0 ['thirdtest', 'fourthtest', 'fifthtest', 'sixthtest', 'seventhtest', 'eigthtest']
1: 0.0 ['secondtest']
2: 0.0 []
3: 1.0 ['firsttest']
--------------------------------------------------------------------------------
firsttest: ([(0, 1, 29420000000L, 0)], [(True, False, False, False)])
secondtest: ([(0, 1, 29880000000L, 0)], [(True, False, False, False)])
thirdtest: ([(0, 1, 29520000000L, 0)], [(True, False, False, False)])
fourthtest: ([(0, 1, 29500000000L, 0)], [(True, False, False, False)])
fifthtest: ([(0, 1, 29010000000L, 0)], [(True, False, False, False)])
sixthtest: ([(0, 1, 30330000000L, 0)], [(True, False, False, False)])
seventhtest: ([(0, 1, 30680000000L, 0)], [(True, False, False, False)])
eigthtest: ([(0, 1, 30320000000L, 0)], [(True, False, False, False)])
--------------------------------------------------------------------------------
0: 2.0 ['firsttest', 'secondtest', 'thirdtest', 'fourthtest', 'fifthtest', 'sixthtest', 'seventhtest', 'eigthtest']
1: 0.0 []
2: 0.0 []
3: 0.0 []
--------------------------------------------------------------------------------
firsttest: ([(0, 1, 29420000000L, 0)], [(True, False, False, False)])
secondtest: ([(0, 1, 29880000000L, 0)], [(True, False, False, False)])
thirdtest: ([(0, 1, 29520000000L, 0)], [(True, False, False, False)])
fourthtest: ([(0, 1, 29500000000L, 0)], [(True, False, False, False)])
fifthtest: ([(0, 1, 29010000000L, 0)], [(True, False, False, False)])
sixthtest: ([(0, 1, 30330000000L, 0)], [(True, False, False, False)])
seventhtest: ([(0, 1, 30680000000L, 0)], [(True, False, False, False)])
eigthtest: ([(0, 1, 30320000000L, 0)], [(True, False, False, False)])
--------------------------------------------------------------------------------
0: 0.0 ['firsttest', 'secondtest', 'thirdtest', 'fourthtest', 'fifthtest', 'sixthtest', 'seventhtest', 'eigthtest']
1: 0.0 []
2: 0.0 []
3: 0.0 []
--------------------------------------------------------------------------------
firsttest: ([(0, 1, 29450000000L, 0)], [(True, False, False, False)])
secondtest: ([(0, 1, 29910000000L, 0)], [(True, False, False, False)])
thirdtest: ([(0, 1, 29570000000L, 0)], [(True, False, False, False)])
fourthtest: ([(0, 1, 29540000000L, 0)], [(True, False, False, False)])
fifthtest: ([(0, 1, 29050000000L, 0)], [(True, False, False, False)])
sixthtest: ([(0, 1, 30360000000L, 0)], [(True, False, False, False)])
seventhtest: ([(0, 1, 30710000000L, 0)], [(True, False, False, False)])
eigthtest: ([(0, 1, 30350000000L, 0)], [(True, False, False, False)])
--------------------------------------------------------------------------------
0: 28.0 ['firsttest', 'secondtest', 'thirdtest', 'fourthtest', 'fifthtest', 'sixthtest', 'seventhtest', 'eigthtest']
1: 0.0 []
2: 0.0 []
3: 0.0 []
--------------------------------------------------------------------------------
firsttest: ([(0, 1, 29510000000L, 0)], [(True, False, False, False)])
secondtest: ([(0, 1, 29960000000L, 0)], [(True, False, False, False)])
thirdtest: ([(0, 1, 29630000000L, 0)], [(True, False, False, False)])
fourthtest: ([(0, 1, 29630000000L, 0)], [(True, False, False, False)])
fifthtest: ([(0, 1, 29100000000L, 0)], [(True, False, False, False)])
sixthtest: ([(0, 1, 30430000000L, 0)], [(True, False, False, False)])
seventhtest: ([(0, 1, 30780000000L, 0)], [(True, False, False, False)])
eigthtest: ([(0, 1, 30420000000L, 0)], [(True, False, False, False)])
--------------------------------------------------------------------------------
0: 52.0 ['firsttest', 'secondtest', 'thirdtest', 'fourthtest', 'fifthtest', 'sixthtest', 'seventhtest', 'eigthtest']
1: 0.0 []
2: 0.0 []
3: 0.0 []
--------------------------------------------------------------------------------
firsttest: ([(0, 1, 29640000000L, 0)], [(True, False, False, False)])
secondtest: ([(0, 1, 30080000000L, 0)], [(True, False, False, False)])
thirdtest: ([(0, 1, 29760000000L, 0)], [(True, False, False, False)])
fourthtest: ([(0, 1, 29770000000L, 0)], [(True, False, False, False)])
fifthtest: ([(0, 1, 29230000000L, 0)], [(True, False, False, False)])
sixthtest: ([(0, 1, 30540000000L, 0)], [(True, False, False, False)])
seventhtest: ([(0, 1, 30900000000L, 0)], [(True, False, False, False)])
eigthtest: ([(0, 1, 30540000000L, 0)], [(True, False, False, False)])
--------------------------------------------------------------------------------
0: 100.0 ['firsttest', 'secondtest', 'thirdtest', 'fourthtest', 'fifthtest', 'sixthtest', 'seventhtest', 'eigthtest']
1: 0.0 []
2: 0.0 []
3: 0.0 []
--------------------------------------------------------------------------------
firsttest: ([(0, 1, 29750000000L, 0)], [(True, False, False, False)])
secondtest: ([(0, 1, 30190000000L, 0)], [(True, False, False, False)])
thirdtest: ([(0, 1, 29890000000L, 0)], [(True, False, False, False)])
fourthtest: ([(0, 1, 29900000000L, 0)], [(True, False, False, False)])
fifthtest: ([(0, 1, 29360000000L, 0)], [(True, False, False, False)])
sixthtest: ([(0, 1, 30670000000L, 0)], [(True, False, False, False)])
seventhtest: ([(0, 1, 31030000000L, 0)], [(True, False, False, False)])
eigthtest: ([(0, 1, 30660000000L, 0)], [(True, False, False, False)])
--------------------------------------------------------------------------------
0: 99.0 ['firsttest', 'secondtest', 'thirdtest', 'fourthtest', 'fifthtest', 'sixthtest', 'seventhtest', 'eigthtest']
1: 0.0 []
2: 0.0 []
3: 0.0 []
--------------------------------------------------------------------------------
firsttest: ([(0, 1, 29870000000L, 0)], [(True, False, False, False)])
secondtest: ([(0, 1, 30320000000L, 0)], [(True, False, False, False)])
thirdtest: ([(0, 1, 30010000000L, 0)], [(True, False, False, False)])
fourthtest: ([(0, 1, 30030000000L, 0)], [(True, False, False, False)])
fifthtest: ([(0, 1, 29490000000L, 0)], [(True, False, False, False)])
sixthtest: ([(0, 1, 30800000000L, 0)], [(True, False, False, False)])
seventhtest: ([(0, 1, 31150000000L, 0)], [(True, False, False, False)])
eigthtest: ([(0, 1, 30790000000L, 0)], [(True, False, False, False)])
--------------------------------------------------------------------------------
0: 101.0 ['firsttest', 'secondtest', 'thirdtest', 'fourthtest', 'fifthtest', 'sixthtest', 'seventhtest', 'eigthtest']
1: 0.0 []
2: 0.0 []
3: 0.0 []
--------------------------------------------------------------------------------
firsttest: ([(0, 1, 30000000000L, 0)], [(True, False, False, False)])
secondtest: ([(0, 1, 30450000000L, 0)], [(True, False, False, False)])
thirdtest: ([(0, 1, 30140000000L, 0)], [(True, False, False, False)])
fourthtest: ([(0, 1, 30150000000L, 0)], [(True, False, False, False)])
fifthtest: ([(0, 1, 29610000000L, 0)], [(True, False, False, False)])
sixthtest: ([(0, 1, 30920000000L, 0)], [(True, False, False, False)])
seventhtest: ([(0, 1, 31280000000L, 0)], [(True, False, False, False)])
eigthtest: ([(0, 1, 30920000000L, 0)], [(True, False, False, False)])
--------------------------------------------------------------------------------
0: 101.0 ['firsttest', 'secondtest', 'thirdtest', 'fourthtest', 'fifthtest', 'sixthtest', 'seventhtest', 'eigthtest']
1: 0.0 []
2: 0.0 []
3: 0.0 []
--------------------------------------------------------------------------------
firsttest: ([(0, 1, 30130000000L, 0)], [(True, False, False, False)])
secondtest: ([(0, 1, 30570000000L, 0)], [(True, False, False, False)])
thirdtest: ([(0, 1, 30260000000L, 0)], [(True, False, False, False)])
fourthtest: ([(0, 1, 30280000000L, 0)], [(True, False, False, False)])
fifthtest: ([(0, 1, 29730000000L, 0)], [(True, False, False, False)])
sixthtest: ([(0, 1, 31050000000L, 0)], [(True, False, False, False)])
seventhtest: ([(0, 1, 31410000000L, 0)], [(True, False, False, False)])
eigthtest: ([(0, 1, 31050000000L, 0)], [(True, False, False, False)])
--------------------------------------------------------------------------------
0: 101.0 ['firsttest', 'secondtest', 'thirdtest', 'fourthtest', 'fifthtest', 'sixthtest', 'seventhtest', 'eigthtest']
1: 0.0 []
2: 0.0 []
3: 0.0 []
--------------------------------------------------------------------------------
firsttest: ([(0, 1, 30250000000L, 0)], [(True, False, False, False)])
secondtest: ([(0, 1, 30700000000L, 0)], [(True, False, False, False)])
thirdtest: ([(0, 1, 30390000000L, 0)], [(True, False, False, False)])
fourthtest: ([(0, 1, 30410000000L, 0)], [(True, False, False, False)])
fifthtest: ([(0, 1, 29860000000L, 0)], [(True, False, False, False)])
sixthtest: ([(0, 1, 31170000000L, 0)], [(True, False, False, False)])
seventhtest: ([(0, 1, 31520000000L, 0)], [(True, False, False, False)])
eigthtest: ([(0, 1, 31170000000L, 0)], [(True, False, False, False)])
--------------------------------------------------------------------------------
0: 99.0 ['firsttest', 'secondtest', 'thirdtest', 'fourthtest', 'fifthtest', 'sixthtest', 'seventhtest', 'eigthtest']
1: 0.0 []
2: 0.0 []
3: 0.0 []
--------------------------------------------------------------------------------
firsttest: ([(0, 1, 30370000000L, 0)], [(True, False, False, False)])
secondtest: ([(0, 1, 30820000000L, 0)], [(True, False, False, False)])
thirdtest: ([(0, 1, 30520000000L, 0)], [(True, False, False, False)])
fourthtest: ([(0, 1, 30530000000L, 0)], [(True, False, False, False)])
fifthtest: ([(0, 1, 29980000000L, 0)], [(True, False, False, False)])
sixthtest: ([(0, 1, 31300000000L, 0)], [(True, False, False, False)])
seventhtest: ([(0, 1, 31660000000L, 0)], [(True, False, False, False)])
eigthtest: ([(0, 1, 31300000000L, 0)], [(True, False, False, False)])
--------------------------------------------------------------------------------
0: 101.0 ['firsttest', 'secondtest', 'thirdtest', 'fourthtest', 'fifthtest', 'sixthtest', 'seventhtest', 'eigthtest']
1: 0.0 []
2: 0.0 []
3: 0.0 []
--------------------------------------------------------------------------------
firsttest: ([(0, 1, 30500000000L, 0)], [(True, False, False, False)])
secondtest: ([(0, 1, 30950000000L, 0)], [(True, False, False, False)])
thirdtest: ([(0, 1, 30640000000L, 0)], [(True, False, False, False)])
fourthtest: ([(0, 1, 30660000000L, 0)], [(True, False, False, False)])
fifthtest: ([(0, 1, 30110000000L, 0)], [(True, False, False, False)])
sixthtest: ([(0, 1, 31420000000L, 0)], [(True, False, False, False)])
seventhtest: ([(0, 1, 31780000000L, 0)], [(True, False, False, False)])
eigthtest: ([(0, 1, 31420000000L, 0)], [(True, False, False, False)])
--------------------------------------------------------------------------------
0: 100.0 ['firsttest', 'secondtest', 'thirdtest', 'fourthtest', 'fifthtest', 'sixthtest', 'seventhtest', 'eigthtest']
1: 0.0 []
2: 0.0 []
3: 0.0 []
--------------------------------------------------------------------------------
firsttest: ([(0, 1, 30630000000L, 0)], [(True, False, False, False)])
secondtest: ([(0, 1, 31080000000L, 0)], [(True, False, False, False)])
thirdtest: ([(0, 1, 30770000000L, 0)], [(True, False, False, False)])
fourthtest: ([(0, 1, 30790000000L, 0)], [(True, False, False, False)])
fifthtest: ([(0, 1, 30240000000L, 0)], [(True, False, False, False)])
sixthtest: ([(0, 1, 31550000000L, 0)], [(True, False, False, False)])
seventhtest: ([(0, 1, 31900000000L, 0)], [(True, False, False, False)])
eigthtest: ([(0, 1, 31540000000L, 0)], [(True, False, False, False)])
--------------------------------------------------------------------------------
0: 102.0 ['firsttest', 'secondtest', 'thirdtest', 'fourthtest', 'fifthtest', 'sixthtest', 'seventhtest', 'eigthtest']
1: 0.0 []
2: 0.0 []
3: 0.0 []
--------------------------------------------------------------------------------
firsttest: ([(0, 1, 30750000000L, 0)], [(True, False, False, False)])
secondtest: ([(0, 1, 31200000000L, 0)], [(True, False, False, False)])
thirdtest: ([(0, 1, 30900000000L, 0)], [(True, False, False, False)])
fourthtest: ([(0, 1, 30910000000L, 0)], [(True, False, False, False)])
fifthtest: ([(0, 1, 30360000000L, 0)], [(True, False, False, False)])
sixthtest: ([(0, 1, 31670000000L, 0)], [(True, False, False, False)])
seventhtest: ([(0, 1, 32030000000L, 0)], [(True, False, False, False)])
eigthtest: ([(0, 1, 31670000000L, 0)], [(True, False, False, False)])
--------------------------------------------------------------------------------
0: 99.0 ['firsttest', 'secondtest', 'thirdtest', 'fourthtest', 'fifthtest', 'sixthtest', 'seventhtest', 'eigthtest']
1: 0.0 []
2: 0.0 []
3: 0.0 []
--------------------------------------------------------------------------------
firsttest: ([(0, 1, 30890000000L, 0)], [(True, False, False, False)])
secondtest: ([(0, 1, 31340000000L, 0)], [(True, False, False, False)])
thirdtest: ([(0, 1, 31030000000L, 0)], [(True, False, False, False)])
fourthtest: ([(0, 1, 31050000000L, 0)], [(True, False, False, False)])
fifthtest: ([(0, 1, 30500000000L, 0)], [(True, False, False, False)])
sixthtest: ([(0, 1, 31970000000L, 1)], [(False, True, False, False)])
seventhtest: ([(0, 1, 32170000000L, 0)], [(True, False, False, False)])
eigthtest: ([(0, 1, 31810000000L, 0)], [(True, False, False, False)])
--------------------------------------------------------------------------------
0: 97.0 ['firsttest', 'secondtest', 'thirdtest', 'fourthtest', 'fifthtest', 'seventhtest', 'eigthtest']
1: 30.0 ['sixthtest']
2: 0.0 []
3: 0.0 []
--------------------------------------------------------------------------------
firsttest: ([(0, 1, 31050000000L, 0)], [(True, False, False, False)])
secondtest: ([(0, 1, 31640000000L, 2)], [(False, False, True, False)])
thirdtest: ([(0, 1, 31190000000L, 0)], [(True, False, False, False)])
fourthtest: ([(0, 1, 31210000000L, 0)], [(True, False, False, False)])
fifthtest: ([(0, 1, 30660000000L, 0)], [(True, False, False, False)])
sixthtest: ([(0, 1, 32320000000L, 1)], [(False, True, False, False)])
seventhtest: ([(0, 1, 32330000000L, 0)], [(True, False, False, False)])
eigthtest: ([(0, 1, 31980000000L, 0)], [(True, False, False, False)])
--------------------------------------------------------------------------------
0: 97.0 ['firsttest', 'thirdtest', 'fourthtest', 'fifthtest', 'seventhtest', 'eigthtest']
1: 35.0 ['sixthtest']
2: 30.0 ['secondtest']
3: 0.0 []
--------------------------------------------------------------------------------
firsttest: ([(0, 1, 31250000000L, 0)], [(True, False, False, False)])
secondtest: ([(0, 1, 31980000000L, 2)], [(False, False, True, False)])
thirdtest: ([(0, 1, 31390000000L, 0)], [(True, False, False, False)])
fourthtest: ([(0, 1, 31410000000L, 0)], [(True, False, False, False)])
fifthtest: ([(0, 1, 30860000000L, 0)], [(True, False, False, False)])
sixthtest: ([(0, 1, 32650000000L, 1)], [(False, True, False, False)])
seventhtest: ([(0, 1, 32530000000L, 0)], [(True, False, False, False)])
eigthtest: ([(0, 1, 32280000000L, 3)], [(False, False, False, True)])
--------------------------------------------------------------------------------
0: 100.0 ['firsttest', 'thirdtest', 'fourthtest', 'fifthtest', 'seventhtest']
1: 33.0 ['sixthtest']
2: 34.0 ['secondtest']
3: 30.0 ['eigthtest']
--------------------------------------------------------------------------------
firsttest: ([(0, 1, 31490000000L, 0)], [(True, False, False, False)])
secondtest: ([(0, 1, 32280000000L, 2)], [(False, False, True, False)])
thirdtest: ([(0, 1, 31630000000L, 0)], [(True, False, False, False)])
fourthtest: ([(0, 1, 31690000000L, 3)], [(False, False, False, True)])
fifthtest: ([(0, 1, 31100000000L, 0)], [(True, False, False, False)])
sixthtest: ([(0, 1, 32960000000L, 1)], [(False, True, False, False)])
seventhtest: ([(0, 1, 32770000000L, 0)], [(True, False, False, False)])
eigthtest: ([(0, 1, 32590000000L, 3)], [(False, False, False, True)])
--------------------------------------------------------------------------------
0: 96.0 ['firsttest', 'thirdtest', 'fifthtest', 'seventhtest']
1: 31.0 ['sixthtest']
2: 30.0 ['secondtest']
3: 59.0 ['fourthtest', 'eigthtest']
--------------------------------------------------------------------------------
firsttest: ([(0, 1, 31810000000L, 0)], [(True, False, False, False)])
secondtest: ([(0, 1, 32550000000L, 2)], [(False, False, True, False)])
thirdtest: ([(0, 1, 31950000000L, 0)], [(True, False, False, False)])
fourthtest: ([(0, 1, 31950000000L, 3)], [(False, False, False, True)])
fifthtest: ([(0, 1, 31420000000L, 0)], [(True, False, False, False)])
sixthtest: ([(0, 1, 33220000000L, 1)], [(False, True, False, False)])
seventhtest: ([(0, 1, 33030000000L, 2)], [(False, False, True, False)])
eigthtest: ([(0, 1, 32850000000L, 3)], [(False, False, False, True)])
--------------------------------------------------------------------------------
0: 96.0 ['firsttest', 'thirdtest', 'fifthtest']
1: 26.0 ['sixthtest']
2: 53.0 ['secondtest', 'seventhtest']
3: 52.0 ['fourthtest', 'eigthtest']
--------------------------------------------------------------------------------
firsttest: ([(0, 1, 32140000000L, 1)], [(False, True, False, False)])
secondtest: ([(0, 1, 32850000000L, 2)], [(False, False, True, False)])
thirdtest: ([(0, 1, 32270000000L, 0)], [(True, False, False, False)])
fourthtest: ([(0, 1, 32250000000L, 3)], [(False, False, False, True)])
fifthtest: ([(0, 1, 31740000000L, 0)], [(True, False, False, False)])
sixthtest: ([(0, 1, 33520000000L, 1)], [(False, True, False, False)])
seventhtest: ([(0, 1, 33320000000L, 2)], [(False, False, True, False)])
eigthtest: ([(0, 1, 33150000000L, 3)], [(False, False, False, True)])
--------------------------------------------------------------------------------
0: 64.0 ['thirdtest', 'fifthtest']
1: 63.0 ['firsttest', 'sixthtest']
2: 59.0 ['secondtest', 'seventhtest']
3: 60.0 ['fourthtest', 'eigthtest']
--------------------------------------------------------------------------------
firsttest: ([(0, 1, 32460000000L, 1)], [(False, True, False, False)])
secondtest: ([(0, 1, 33170000000L, 2)], [(False, False, True, False)])
thirdtest: ([(0, 1, 32590000000L, 0)], [(True, False, False, False)])
fourthtest: ([(0, 1, 32580000000L, 3)], [(False, False, False, True)])
fifthtest: ([(0, 1, 32060000000L, 0)], [(True, False, False, False)])
sixthtest: ([(0, 1, 33820000000L, 1)], [(False, True, False, False)])
seventhtest: ([(0, 1, 33630000000L, 2)], [(False, False, True, False)])
eigthtest: ([(0, 1, 33450000000L, 3)], [(False, False, False, True)])
--------------------------------------------------------------------------------
0: 64.0 ['thirdtest', 'fifthtest']
1: 62.0 ['firsttest', 'sixthtest']
2: 63.0 ['secondtest', 'seventhtest']
3: 63.0 ['fourthtest', 'eigthtest']
--------------------------------------------------------------------------------
firsttest: ([(0, 1, 32770000000L, 1)], [(False, True, False, False)])
secondtest: ([(0, 1, 33490000000L, 2)], [(False, False, True, False)])
thirdtest: ([(0, 1, 32920000000L, 0)], [(True, False, False, False)])
fourthtest: ([(0, 1, 32890000000L, 3)], [(False, False, False, True)])
fifthtest: ([(0, 1, 32390000000L, 0)], [(True, False, False, False)])
sixthtest: ([(0, 1, 34130000000L, 1)], [(False, True, False, False)])
seventhtest: ([(0, 1, 33950000000L, 2)], [(False, False, True, False)])
eigthtest: ([(0, 1, 33770000000L, 3)], [(False, False, False, True)])
--------------------------------------------------------------------------------
0: 66.0 ['thirdtest', 'fifthtest']
1: 62.0 ['firsttest', 'sixthtest']
2: 64.0 ['secondtest', 'seventhtest']
3: 63.0 ['fourthtest', 'eigthtest']
--------------------------------------------------------------------------------
firsttest: ([(0, 1, 33080000000L, 1)], [(False, True, False, False)])
secondtest: ([(0, 1, 33790000000L, 2)], [(False, False, True, False)])
thirdtest: ([(0, 1, 33240000000L, 0)], [(True, False, False, False)])
fourthtest: ([(0, 1, 33210000000L, 3)], [(False, False, False, True)])
fifthtest: ([(0, 1, 32700000000L, 0)], [(True, False, False, False)])
sixthtest: ([(0, 1, 34450000000L, 1)], [(False, True, False, False)])
seventhtest: ([(0, 1, 34260000000L, 2)], [(False, False, True, False)])
eigthtest: ([(0, 1, 34090000000L, 3)], [(False, False, False, True)])
--------------------------------------------------------------------------------
0: 63.0 ['thirdtest', 'fifthtest']
1: 63.0 ['firsttest', 'sixthtest']
2: 61.0 ['secondtest', 'seventhtest']
3: 64.0 ['fourthtest', 'eigthtest']
--------------------------------------------------------------------------------
firsttest: ([(0, 1, 33410000000L, 1)], [(False, True, False, False)])
secondtest: ([(0, 1, 34120000000L, 2)], [(False, False, True, False)])
thirdtest: ([(0, 1, 33580000000L, 0)], [(True, False, False, False)])
fourthtest: ([(0, 1, 33530000000L, 3)], [(False, False, False, True)])
fifthtest: ([(0, 1, 33040000000L, 0)], [(True, False, False, False)])
sixthtest: ([(0, 1, 34780000000L, 1)], [(False, True, False, False)])
seventhtest: ([(0, 1, 34590000000L, 2)], [(False, False, True, False)])
eigthtest: ([(0, 1, 34410000000L, 3)], [(False, False, False, True)])
--------------------------------------------------------------------------------
0: 68.0 ['thirdtest', 'fifthtest']
1: 66.0 ['firsttest', 'sixthtest']
2: 66.0 ['secondtest', 'seventhtest']
3: 64.0 ['fourthtest', 'eigthtest']
--------------------------------------------------------------------------------
firsttest: ([(0, 1, 33740000000L, 1)], [(False, True, False, False)])
secondtest: ([(0, 1, 34450000000L, 2)], [(False, False, True, False)])
thirdtest: ([(0, 1, 33920000000L, 0)], [(True, False, False, False)])
fourthtest: ([(0, 1, 33870000000L, 3)], [(False, False, False, True)])
fifthtest: ([(0, 1, 33390000000L, 0)], [(True, False, False, False)])
sixthtest: ([(0, 1, 35100000000L, 1)], [(False, True, False, False)])
seventhtest: ([(0, 1, 34910000000L, 2)], [(False, False, True, False)])
eigthtest: ([(0, 1, 34740000000L, 3)], [(False, False, False, True)])
--------------------------------------------------------------------------------
0: 69.0 ['thirdtest', 'fifthtest']
1: 65.0 ['firsttest', 'sixthtest']
2: 65.0 ['secondtest', 'seventhtest']
3: 67.0 ['fourthtest', 'eigthtest']
--------------------------------------------------------------------------------
firsttest: ([(0, 1, 34060000000L, 1)], [(False, True, False, False)])
secondtest: ([(0, 1, 34770000000L, 2)], [(False, False, True, False)])
thirdtest: ([(0, 1, 34240000000L, 0)], [(True, False, False, False)])
fourthtest: ([(0, 1, 34190000000L, 3)], [(False, False, False, True)])
fifthtest: ([(0, 1, 33720000000L, 0)], [(True, False, False, False)])
sixthtest: ([(0, 1, 35420000000L, 1)], [(False, True, False, False)])
seventhtest: ([(0, 1, 35240000000L, 2)], [(False, False, True, False)])
eigthtest: ([(0, 1, 35070000000L, 3)], [(False, False, False, True)])
---